Copyright 1986-2022 Xilinx, Inc. All Rights Reserved. Copyright 2022-2024 Advanced Micro Devices, Inc. All Rights Reserved.
---------------------------------------------------------------------------------------------------------------------------------------------
| Tool Version : Vivado v.2023.2.2 (win64) Build 4126759 Thu Feb  8 23:53:51 MST 2024
| Date         : Sat May 25 21:08:54 2024
| Host         : WINDELL-P5S529P running 64-bit major release  (build 9200)
| Command      : report_drc -file hdmi_vga_wrapper_drc_routed.rpt -pb hdmi_vga_wrapper_drc_routed.pb -rpx hdmi_vga_wrapper_drc_routed.rpx
| Design       : hdmi_vga_wrapper
| Device       : xc7z010clg400-1
| Speed File   : -1
| Design State : Fully Routed
---------------------------------------------------------------------------------------------------------------------------------------------

Report DRC

Table of Contents
-----------------
1. REPORT SUMMARY
2. REPORT DETAILS

1. REPORT SUMMARY
-----------------
            Netlist: netlist
          Floorplan: design_1
      Design limits: <entire design considered>
           Ruledeck: default
             Max violations: <unlimited>
             Violations found: 77
+-----------+----------+-------------------------------------------------------------------+------------+
| Rule      | Severity | Description                                                       | Violations |
+-----------+----------+-------------------------------------------------------------------+------------+
| DPIP-1    | Warning  | Input pipelining                                                  | 34         |
| DPOP-2    | Warning  | MREG Output pipelining                                            | 2          |
| PDCN-1569 | Warning  | LUT equation term check                                           | 3          |
| RTSTAT-10 | Warning  | No routable loads                                                 | 1          |
| ZPS7-1    | Warning  | PS7 block required                                                | 1          |
| AVAL-4    | Advisory | enum_USE_DPORT_FALSE_enum_DREG_ADREG_0_connects_CED_CEAD_RSTD_GND | 18         |
| AVAL-5    | Advisory | enum_USE_MULT_NONE_enum_DREG_ADREG_0_connects_CED_CEAD_RSTD_GND   | 18         |
+-----------+----------+-------------------------------------------------------------------+------------+

2. REPORT DETAILS
-----------------
DPIP-1#1 Warning
Input pipelining  
DSP hdmi_vga_i/vp_0/inst/sobel/context/Gx/add/U0/xst_addsub/xbip_addsub.i_a_b_nogrowth.not_unsigned_max_width.i_xbip_addsub/addsub_usecase.i_addsub/i_synth_option.i_synth_model/opt_vx7.i_uniwrap/i_primitive input hdmi_vga_i/vp_0/inst/sobel/context/Gx/add/U0/xst_addsub/xbip_addsub.i_a_b_nogrowth.not_unsigned_max_width.i_xbip_addsub/addsub_usecase.i_addsub/i_synth_option.i_synth_model/opt_vx7.i_uniwrap/i_primitive/A[29:0] is not pipelined. Pipelining DSP48 input will improve performance.
Related violations: <none>

DPIP-1#2 Warning
Input pipelining  
DSP hdmi_vga_i/vp_0/inst/sobel/context/Gx/add/U0/xst_addsub/xbip_addsub.i_a_b_nogrowth.not_unsigned_max_width.i_xbip_addsub/addsub_usecase.i_addsub/i_synth_option.i_synth_model/opt_vx7.i_uniwrap/i_primitive input hdmi_vga_i/vp_0/inst/sobel/context/Gx/add/U0/xst_addsub/xbip_addsub.i_a_b_nogrowth.not_unsigned_max_width.i_xbip_addsub/addsub_usecase.i_addsub/i_synth_option.i_synth_model/opt_vx7.i_uniwrap/i_primitive/B[17:0] is not pipelined. Pipelining DSP48 input will improve performance.
Related violations: <none>

DPIP-1#3 Warning
Input pipelining  
DSP hdmi_vga_i/vp_0/inst/sobel/context/Gx/add/U0/xst_addsub/xbip_addsub.i_a_b_nogrowth.not_unsigned_max_width.i_xbip_addsub/addsub_usecase.i_addsub/i_synth_option.i_synth_model/opt_vx7.i_uniwrap/i_primitive input hdmi_vga_i/vp_0/inst/sobel/context/Gx/add/U0/xst_addsub/xbip_addsub.i_a_b_nogrowth.not_unsigned_max_width.i_xbip_addsub/addsub_usecase.i_addsub/i_synth_option.i_synth_model/opt_vx7.i_uniwrap/i_primitive/C[47:0] is not pipelined. Pipelining DSP48 input will improve performance.
Related violations: <none>

DPIP-1#4 Warning
Input pipelining  
DSP hdmi_vga_i/vp_0/inst/sobel/context/Gx/addAB/U0/xst_addsub/xbip_addsub.i_a_b_nogrowth.not_unsigned_max_width.i_xbip_addsub/addsub_usecase.i_addsub/i_synth_option.i_synth_model/opt_vx7.i_uniwrap/i_primitive input hdmi_vga_i/vp_0/inst/sobel/context/Gx/addAB/U0/xst_addsub/xbip_addsub.i_a_b_nogrowth.not_unsigned_max_width.i_xbip_addsub/addsub_usecase.i_addsub/i_synth_option.i_synth_model/opt_vx7.i_uniwrap/i_primitive/B[17:0] is not pipelined. Pipelining DSP48 input will improve performance.
Related violations: <none>

DPIP-1#5 Warning
Input pipelining  
DSP hdmi_vga_i/vp_0/inst/sobel/context/Gx/addAB/U0/xst_addsub/xbip_addsub.i_a_b_nogrowth.not_unsigned_max_width.i_xbip_addsub/addsub_usecase.i_addsub/i_synth_option.i_synth_model/opt_vx7.i_uniwrap/i_primitive input hdmi_vga_i/vp_0/inst/sobel/context/Gx/addAB/U0/xst_addsub/xbip_addsub.i_a_b_nogrowth.not_unsigned_max_width.i_xbip_addsub/addsub_usecase.i_addsub/i_synth_option.i_synth_model/opt_vx7.i_uniwrap/i_primitive/C[47:0] is not pipelined. Pipelining DSP48 input will improve performance.
Related violations: <none>

DPIP-1#6 Warning
Input pipelining  
DSP hdmi_vga_i/vp_0/inst/sobel/context/Gx/addABCD/U0/xst_addsub/xbip_addsub.i_a_b_nogrowth.not_unsigned_max_width.i_xbip_addsub/addsub_usecase.i_addsub/i_synth_option.i_synth_model/opt_vx7.i_uniwrap/i_primitive input hdmi_vga_i/vp_0/inst/sobel/context/Gx/addABCD/U0/xst_addsub/xbip_addsub.i_a_b_nogrowth.not_unsigned_max_width.i_xbip_addsub/addsub_usecase.i_addsub/i_synth_option.i_synth_model/opt_vx7.i_uniwrap/i_primitive/A[29:0] is not pipelined. Pipelining DSP48 input will improve performance.
Related violations: <none>

DPIP-1#7 Warning
Input pipelining  
DSP hdmi_vga_i/vp_0/inst/sobel/context/Gx/addABCD/U0/xst_addsub/xbip_addsub.i_a_b_nogrowth.not_unsigned_max_width.i_xbip_addsub/addsub_usecase.i_addsub/i_synth_option.i_synth_model/opt_vx7.i_uniwrap/i_primitive input hdmi_vga_i/vp_0/inst/sobel/context/Gx/addABCD/U0/xst_addsub/xbip_addsub.i_a_b_nogrowth.not_unsigned_max_width.i_xbip_addsub/addsub_usecase.i_addsub/i_synth_option.i_synth_model/opt_vx7.i_uniwrap/i_primitive/B[17:0] is not pipelined. Pipelining DSP48 input will improve performance.
Related violations: <none>

DPIP-1#8 Warning
Input pipelining  
DSP hdmi_vga_i/vp_0/inst/sobel/context/Gx/addABCD/U0/xst_addsub/xbip_addsub.i_a_b_nogrowth.not_unsigned_max_width.i_xbip_addsub/addsub_usecase.i_addsub/i_synth_option.i_synth_model/opt_vx7.i_uniwrap/i_primitive input hdmi_vga_i/vp_0/inst/sobel/context/Gx/addABCD/U0/xst_addsub/xbip_addsub.i_a_b_nogrowth.not_unsigned_max_width.i_xbip_addsub/addsub_usecase.i_addsub/i_synth_option.i_synth_model/opt_vx7.i_uniwrap/i_primitive/C[47:0] is not pipelined. Pipelining DSP48 input will improve performance.
Related violations: <none>

DPIP-1#9 Warning
Input pipelining  
DSP hdmi_vga_i/vp_0/inst/sobel/context/Gx/addCD/U0/xst_addsub/xbip_addsub.i_a_b_nogrowth.not_unsigned_max_width.i_xbip_addsub/addsub_usecase.i_addsub/i_synth_option.i_synth_model/opt_vx7.i_uniwrap/i_primitive input hdmi_vga_i/vp_0/inst/sobel/context/Gx/addCD/U0/xst_addsub/xbip_addsub.i_a_b_nogrowth.not_unsigned_max_width.i_xbip_addsub/addsub_usecase.i_addsub/i_synth_option.i_synth_model/opt_vx7.i_uniwrap/i_primitive/C[47:0] is not pipelined. Pipelining DSP48 input will improve performance.
Related violations: <none>

DPIP-1#10 Warning
Input pipelining  
DSP hdmi_vga_i/vp_0/inst/sobel/context/Gx/addFG/U0/xst_addsub/xbip_addsub.i_a_b_nogrowth.not_unsigned_max_width.i_xbip_addsub/addsub_usecase.i_addsub/i_synth_option.i_synth_model/opt_vx7.i_uniwrap/i_primitive input hdmi_vga_i/vp_0/inst/sobel/context/Gx/addFG/U0/xst_addsub/xbip_addsub.i_a_b_nogrowth.not_unsigned_max_width.i_xbip_addsub/addsub_usecase.i_addsub/i_synth_option.i_synth_model/opt_vx7.i_uniwrap/i_primitive/C[47:0] is not pipelined. Pipelining DSP48 input will improve performance.
Related violations: <none>

DPIP-1#11 Warning
Input pipelining  
DSP hdmi_vga_i/vp_0/inst/sobel/context/Gx/addFGHI/U0/xst_addsub/xbip_addsub.i_a_b_nogrowth.not_unsigned_max_width.i_xbip_addsub/addsub_usecase.i_addsub/i_synth_option.i_synth_model/opt_vx7.i_uniwrap/i_primitive input hdmi_vga_i/vp_0/inst/sobel/context/Gx/addFGHI/U0/xst_addsub/xbip_addsub.i_a_b_nogrowth.not_unsigned_max_width.i_xbip_addsub/addsub_usecase.i_addsub/i_synth_option.i_synth_model/opt_vx7.i_uniwrap/i_primitive/A[29:0] is not pipelined. Pipelining DSP48 input will improve performance.
Related violations: <none>

DPIP-1#12 Warning
Input pipelining  
DSP hdmi_vga_i/vp_0/inst/sobel/context/Gx/addFGHI/U0/xst_addsub/xbip_addsub.i_a_b_nogrowth.not_unsigned_max_width.i_xbip_addsub/addsub_usecase.i_addsub/i_synth_option.i_synth_model/opt_vx7.i_uniwrap/i_primitive input hdmi_vga_i/vp_0/inst/sobel/context/Gx/addFGHI/U0/xst_addsub/xbip_addsub.i_a_b_nogrowth.not_unsigned_max_width.i_xbip_addsub/addsub_usecase.i_addsub/i_synth_option.i_synth_model/opt_vx7.i_uniwrap/i_primitive/B[17:0] is not pipelined. Pipelining DSP48 input will improve performance.
Related violations: <none>

DPIP-1#13 Warning
Input pipelining  
DSP hdmi_vga_i/vp_0/inst/sobel/context/Gx/addFGHI/U0/xst_addsub/xbip_addsub.i_a_b_nogrowth.not_unsigned_max_width.i_xbip_addsub/addsub_usecase.i_addsub/i_synth_option.i_synth_model/opt_vx7.i_uniwrap/i_primitive input hdmi_vga_i/vp_0/inst/sobel/context/Gx/addFGHI/U0/xst_addsub/xbip_addsub.i_a_b_nogrowth.not_unsigned_max_width.i_xbip_addsub/addsub_usecase.i_addsub/i_synth_option.i_synth_model/opt_vx7.i_uniwrap/i_primitive/C[47:0] is not pipelined. Pipelining DSP48 input will improve performance.
Related violations: <none>

DPIP-1#14 Warning
Input pipelining  
DSP hdmi_vga_i/vp_0/inst/sobel/context/Gx/addHI/U0/xst_addsub/xbip_addsub.i_a_b_nogrowth.not_unsigned_max_width.i_xbip_addsub/addsub_usecase.i_addsub/i_synth_option.i_synth_model/opt_vx7.i_uniwrap/i_primitive input hdmi_vga_i/vp_0/inst/sobel/context/Gx/addHI/U0/xst_addsub/xbip_addsub.i_a_b_nogrowth.not_unsigned_max_width.i_xbip_addsub/addsub_usecase.i_addsub/i_synth_option.i_synth_model/opt_vx7.i_uniwrap/i_primitive/A[29:0] is not pipelined. Pipelining DSP48 input will improve performance.
Related violations: <none>

DPIP-1#15 Warning
Input pipelining  
DSP hdmi_vga_i/vp_0/inst/sobel/context/Gx/addHI/U0/xst_addsub/xbip_addsub.i_a_b_nogrowth.not_unsigned_max_width.i_xbip_addsub/addsub_usecase.i_addsub/i_synth_option.i_synth_model/opt_vx7.i_uniwrap/i_primitive input hdmi_vga_i/vp_0/inst/sobel/context/Gx/addHI/U0/xst_addsub/xbip_addsub.i_a_b_nogrowth.not_unsigned_max_width.i_xbip_addsub/addsub_usecase.i_addsub/i_synth_option.i_synth_model/opt_vx7.i_uniwrap/i_primitive/B[17:0] is not pipelined. Pipelining DSP48 input will improve performance.
Related violations: <none>

DPIP-1#16 Warning
Input pipelining  
DSP hdmi_vga_i/vp_0/inst/sobel/context/Gx/addHI/U0/xst_addsub/xbip_addsub.i_a_b_nogrowth.not_unsigned_max_width.i_xbip_addsub/addsub_usecase.i_addsub/i_synth_option.i_synth_model/opt_vx7.i_uniwrap/i_primitive input hdmi_vga_i/vp_0/inst/sobel/context/Gx/addHI/U0/xst_addsub/xbip_addsub.i_a_b_nogrowth.not_unsigned_max_width.i_xbip_addsub/addsub_usecase.i_addsub/i_synth_option.i_synth_model/opt_vx7.i_uniwrap/i_primitive/C[47:0] is not pipelined. Pipelining DSP48 input will improve performance.
Related violations: <none>

DPIP-1#17 Warning
Input pipelining  
DSP hdmi_vga_i/vp_0/inst/sobel/context/Gy/add/U0/xst_addsub/xbip_addsub.i_a_b_nogrowth.not_unsigned_max_width.i_xbip_addsub/addsub_usecase.i_addsub/i_synth_option.i_synth_model/opt_vx7.i_uniwrap/i_primitive input hdmi_vga_i/vp_0/inst/sobel/context/Gy/add/U0/xst_addsub/xbip_addsub.i_a_b_nogrowth.not_unsigned_max_width.i_xbip_addsub/addsub_usecase.i_addsub/i_synth_option.i_synth_model/opt_vx7.i_uniwrap/i_primitive/A[29:0] is not pipelined. Pipelining DSP48 input will improve performance.
Related violations: <none>

DPIP-1#18 Warning
Input pipelining  
DSP hdmi_vga_i/vp_0/inst/sobel/context/Gy/add/U0/xst_addsub/xbip_addsub.i_a_b_nogrowth.not_unsigned_max_width.i_xbip_addsub/addsub_usecase.i_addsub/i_synth_option.i_synth_model/opt_vx7.i_uniwrap/i_primitive input hdmi_vga_i/vp_0/inst/sobel/context/Gy/add/U0/xst_addsub/xbip_addsub.i_a_b_nogrowth.not_unsigned_max_width.i_xbip_addsub/addsub_usecase.i_addsub/i_synth_option.i_synth_model/opt_vx7.i_uniwrap/i_primitive/B[17:0] is not pipelined. Pipelining DSP48 input will improve performance.
Related violations: <none>

DPIP-1#19 Warning
Input pipelining  
DSP hdmi_vga_i/vp_0/inst/sobel/context/Gy/add/U0/xst_addsub/xbip_addsub.i_a_b_nogrowth.not_unsigned_max_width.i_xbip_addsub/addsub_usecase.i_addsub/i_synth_option.i_synth_model/opt_vx7.i_uniwrap/i_primitive input hdmi_vga_i/vp_0/inst/sobel/context/Gy/add/U0/xst_addsub/xbip_addsub.i_a_b_nogrowth.not_unsigned_max_width.i_xbip_addsub/addsub_usecase.i_addsub/i_synth_option.i_synth_model/opt_vx7.i_uniwrap/i_primitive/C[47:0] is not pipelined. Pipelining DSP48 input will improve performance.
Related violations: <none>

DPIP-1#20 Warning
Input pipelining  
DSP hdmi_vga_i/vp_0/inst/sobel/context/Gy/addAB/U0/xst_addsub/xbip_addsub.i_a_b_nogrowth.not_unsigned_max_width.i_xbip_addsub/addsub_usecase.i_addsub/i_synth_option.i_synth_model/opt_vx7.i_uniwrap/i_primitive input hdmi_vga_i/vp_0/inst/sobel/context/Gy/addAB/U0/xst_addsub/xbip_addsub.i_a_b_nogrowth.not_unsigned_max_width.i_xbip_addsub/addsub_usecase.i_addsub/i_synth_option.i_synth_model/opt_vx7.i_uniwrap/i_primitive/C[47:0] is not pipelined. Pipelining DSP48 input will improve performance.
Related violations: <none>

DPIP-1#21 Warning
Input pipelining  
DSP hdmi_vga_i/vp_0/inst/sobel/context/Gy/addABCD/U0/xst_addsub/xbip_addsub.i_a_b_nogrowth.not_unsigned_max_width.i_xbip_addsub/addsub_usecase.i_addsub/i_synth_option.i_synth_model/opt_vx7.i_uniwrap/i_primitive input hdmi_vga_i/vp_0/inst/sobel/context/Gy/addABCD/U0/xst_addsub/xbip_addsub.i_a_b_nogrowth.not_unsigned_max_width.i_xbip_addsub/addsub_usecase.i_addsub/i_synth_option.i_synth_model/opt_vx7.i_uniwrap/i_primitive/A[29:0] is not pipelined. Pipelining DSP48 input will improve performance.
Related violations: <none>

DPIP-1#22 Warning
Input pipelining  
DSP hdmi_vga_i/vp_0/inst/sobel/context/Gy/addABCD/U0/xst_addsub/xbip_addsub.i_a_b_nogrowth.not_unsigned_max_width.i_xbip_addsub/addsub_usecase.i_addsub/i_synth_option.i_synth_model/opt_vx7.i_uniwrap/i_primitive input hdmi_vga_i/vp_0/inst/sobel/context/Gy/addABCD/U0/xst_addsub/xbip_addsub.i_a_b_nogrowth.not_unsigned_max_width.i_xbip_addsub/addsub_usecase.i_addsub/i_synth_option.i_synth_model/opt_vx7.i_uniwrap/i_primitive/B[17:0] is not pipelined. Pipelining DSP48 input will improve performance.
Related violations: <none>

DPIP-1#23 Warning
Input pipelining  
DSP hdmi_vga_i/vp_0/inst/sobel/context/Gy/addABCD/U0/xst_addsub/xbip_addsub.i_a_b_nogrowth.not_unsigned_max_width.i_xbip_addsub/addsub_usecase.i_addsub/i_synth_option.i_synth_model/opt_vx7.i_uniwrap/i_primitive input hdmi_vga_i/vp_0/inst/sobel/context/Gy/addABCD/U0/xst_addsub/xbip_addsub.i_a_b_nogrowth.not_unsigned_max_width.i_xbip_addsub/addsub_usecase.i_addsub/i_synth_option.i_synth_model/opt_vx7.i_uniwrap/i_primitive/C[47:0] is not pipelined. Pipelining DSP48 input will improve performance.
Related violations: <none>

DPIP-1#24 Warning
Input pipelining  
DSP hdmi_vga_i/vp_0/inst/sobel/context/Gy/addCD/U0/xst_addsub/xbip_addsub.i_a_b_nogrowth.not_unsigned_max_width.i_xbip_addsub/addsub_usecase.i_addsub/i_synth_option.i_synth_model/opt_vx7.i_uniwrap/i_primitive input hdmi_vga_i/vp_0/inst/sobel/context/Gy/addCD/U0/xst_addsub/xbip_addsub.i_a_b_nogrowth.not_unsigned_max_width.i_xbip_addsub/addsub_usecase.i_addsub/i_synth_option.i_synth_model/opt_vx7.i_uniwrap/i_primitive/B[17:0] is not pipelined. Pipelining DSP48 input will improve performance.
Related violations: <none>

DPIP-1#25 Warning
Input pipelining  
DSP hdmi_vga_i/vp_0/inst/sobel/context/Gy/addCD/U0/xst_addsub/xbip_addsub.i_a_b_nogrowth.not_unsigned_max_width.i_xbip_addsub/addsub_usecase.i_addsub/i_synth_option.i_synth_model/opt_vx7.i_uniwrap/i_primitive input hdmi_vga_i/vp_0/inst/sobel/context/Gy/addCD/U0/xst_addsub/xbip_addsub.i_a_b_nogrowth.not_unsigned_max_width.i_xbip_addsub/addsub_usecase.i_addsub/i_synth_option.i_synth_model/opt_vx7.i_uniwrap/i_primitive/C[47:0] is not pipelined. Pipelining DSP48 input will improve performance.
Related violations: <none>

DPIP-1#26 Warning
Input pipelining  
DSP hdmi_vga_i/vp_0/inst/sobel/context/Gy/addFG/U0/xst_addsub/xbip_addsub.i_a_b_nogrowth.not_unsigned_max_width.i_xbip_addsub/addsub_usecase.i_addsub/i_synth_option.i_synth_model/opt_vx7.i_uniwrap/i_primitive input hdmi_vga_i/vp_0/inst/sobel/context/Gy/addFG/U0/xst_addsub/xbip_addsub.i_a_b_nogrowth.not_unsigned_max_width.i_xbip_addsub/addsub_usecase.i_addsub/i_synth_option.i_synth_model/opt_vx7.i_uniwrap/i_primitive/A[29:0] is not pipelined. Pipelining DSP48 input will improve performance.
Related violations: <none>

DPIP-1#27 Warning
Input pipelining  
DSP hdmi_vga_i/vp_0/inst/sobel/context/Gy/addFG/U0/xst_addsub/xbip_addsub.i_a_b_nogrowth.not_unsigned_max_width.i_xbip_addsub/addsub_usecase.i_addsub/i_synth_option.i_synth_model/opt_vx7.i_uniwrap/i_primitive input hdmi_vga_i/vp_0/inst/sobel/context/Gy/addFG/U0/xst_addsub/xbip_addsub.i_a_b_nogrowth.not_unsigned_max_width.i_xbip_addsub/addsub_usecase.i_addsub/i_synth_option.i_synth_model/opt_vx7.i_uniwrap/i_primitive/B[17:0] is not pipelined. Pipelining DSP48 input will improve performance.
Related violations: <none>

DPIP-1#28 Warning
Input pipelining  
DSP hdmi_vga_i/vp_0/inst/sobel/context/Gy/addFG/U0/xst_addsub/xbip_addsub.i_a_b_nogrowth.not_unsigned_max_width.i_xbip_addsub/addsub_usecase.i_addsub/i_synth_option.i_synth_model/opt_vx7.i_uniwrap/i_primitive input hdmi_vga_i/vp_0/inst/sobel/context/Gy/addFG/U0/xst_addsub/xbip_addsub.i_a_b_nogrowth.not_unsigned_max_width.i_xbip_addsub/addsub_usecase.i_addsub/i_synth_option.i_synth_model/opt_vx7.i_uniwrap/i_primitive/C[47:0] is not pipelined. Pipelining DSP48 input will improve performance.
Related violations: <none>

DPIP-1#29 Warning
Input pipelining  
DSP hdmi_vga_i/vp_0/inst/sobel/context/Gy/addFGHI/U0/xst_addsub/xbip_addsub.i_a_b_nogrowth.not_unsigned_max_width.i_xbip_addsub/addsub_usecase.i_addsub/i_synth_option.i_synth_model/opt_vx7.i_uniwrap/i_primitive input hdmi_vga_i/vp_0/inst/sobel/context/Gy/addFGHI/U0/xst_addsub/xbip_addsub.i_a_b_nogrowth.not_unsigned_max_width.i_xbip_addsub/addsub_usecase.i_addsub/i_synth_option.i_synth_model/opt_vx7.i_uniwrap/i_primitive/A[29:0] is not pipelined. Pipelining DSP48 input will improve performance.
Related violations: <none>

DPIP-1#30 Warning
Input pipelining  
DSP hdmi_vga_i/vp_0/inst/sobel/context/Gy/addFGHI/U0/xst_addsub/xbip_addsub.i_a_b_nogrowth.not_unsigned_max_width.i_xbip_addsub/addsub_usecase.i_addsub/i_synth_option.i_synth_model/opt_vx7.i_uniwrap/i_primitive input hdmi_vga_i/vp_0/inst/sobel/context/Gy/addFGHI/U0/xst_addsub/xbip_addsub.i_a_b_nogrowth.not_unsigned_max_width.i_xbip_addsub/addsub_usecase.i_addsub/i_synth_option.i_synth_model/opt_vx7.i_uniwrap/i_primitive/B[17:0] is not pipelined. Pipelining DSP48 input will improve performance.
Related violations: <none>

DPIP-1#31 Warning
Input pipelining  
DSP hdmi_vga_i/vp_0/inst/sobel/context/Gy/addFGHI/U0/xst_addsub/xbip_addsub.i_a_b_nogrowth.not_unsigned_max_width.i_xbip_addsub/addsub_usecase.i_addsub/i_synth_option.i_synth_model/opt_vx7.i_uniwrap/i_primitive input hdmi_vga_i/vp_0/inst/sobel/context/Gy/addFGHI/U0/xst_addsub/xbip_addsub.i_a_b_nogrowth.not_unsigned_max_width.i_xbip_addsub/addsub_usecase.i_addsub/i_synth_option.i_synth_model/opt_vx7.i_uniwrap/i_primitive/C[47:0] is not pipelined. Pipelining DSP48 input will improve performance.
Related violations: <none>

DPIP-1#32 Warning
Input pipelining  
DSP hdmi_vga_i/vp_0/inst/sobel/context/Gy/addHI/U0/xst_addsub/xbip_addsub.i_a_b_nogrowth.not_unsigned_max_width.i_xbip_addsub/addsub_usecase.i_addsub/i_synth_option.i_synth_model/opt_vx7.i_uniwrap/i_primitive input hdmi_vga_i/vp_0/inst/sobel/context/Gy/addHI/U0/xst_addsub/xbip_addsub.i_a_b_nogrowth.not_unsigned_max_width.i_xbip_addsub/addsub_usecase.i_addsub/i_synth_option.i_synth_model/opt_vx7.i_uniwrap/i_primitive/C[47:0] is not pipelined. Pipelining DSP48 input will improve performance.
Related violations: <none>

DPIP-1#33 Warning
Input pipelining  
DSP hdmi_vga_i/vp_0/inst/sobel/context/addS/U0/xst_addsub/xbip_addsub.i_a_b_nogrowth.not_unsigned_max_width.i_xbip_addsub/addsub_usecase.i_addsub/i_synth_option.i_synth_model/opt_vx7.i_uniwrap/i_primitive input hdmi_vga_i/vp_0/inst/sobel/context/addS/U0/xst_addsub/xbip_addsub.i_a_b_nogrowth.not_unsigned_max_width.i_xbip_addsub/addsub_usecase.i_addsub/i_synth_option.i_synth_model/opt_vx7.i_uniwrap/i_primitive/B[17:0] is not pipelined. Pipelining DSP48 input will improve performance.
Related violations: <none>

DPIP-1#34 Warning
Input pipelining  
DSP hdmi_vga_i/vp_0/inst/sobel/context/addS/U0/xst_addsub/xbip_addsub.i_a_b_nogrowth.not_unsigned_max_width.i_xbip_addsub/addsub_usecase.i_addsub/i_synth_option.i_synth_model/opt_vx7.i_uniwrap/i_primitive input hdmi_vga_i/vp_0/inst/sobel/context/addS/U0/xst_addsub/xbip_addsub.i_a_b_nogrowth.not_unsigned_max_width.i_xbip_addsub/addsub_usecase.i_addsub/i_synth_option.i_synth_model/opt_vx7.i_uniwrap/i_primitive/C[47:0] is not pipelined. Pipelining DSP48 input will improve performance.
Related violations: <none>

DPOP-2#1 Warning
MREG Output pipelining  
DSP hdmi_vga_i/vp_0/inst/vis_circ/mulx/U0/i_mult/gDSP.gDSP_only.iDSP/inferred_dsp.reg_mult.m_reg_reg multiplier stage hdmi_vga_i/vp_0/inst/vis_circ/mulx/U0/i_mult/gDSP.gDSP_only.iDSP/inferred_dsp.reg_mult.m_reg_reg/P[47:0] is not pipelined (MREG=0). Pipelining the multiplier function will improve performance and will save significant power so it is suggested whenever possible to fully pipeline this function.  If this multiplier was inferred, it is suggested to describe an additional register stage after this function.  If there is no registered adder/accumulator following the multiply function, two pipeline stages are suggested to allow both the MREG and PREG registers to be used.  If the DSP48 was instantiated in the design, it is suggested to set both the MREG and PREG attributes to 1 when performing multiply functions.
Related violations: <none>

DPOP-2#2 Warning
MREG Output pipelining  
DSP hdmi_vga_i/vp_0/inst/vis_circ/muly/U0/i_mult/gDSP.gDSP_only.iDSP/inferred_dsp.reg_mult.m_reg_reg multiplier stage hdmi_vga_i/vp_0/inst/vis_circ/muly/U0/i_mult/gDSP.gDSP_only.iDSP/inferred_dsp.reg_mult.m_reg_reg/P[47:0] is not pipelined (MREG=0). Pipelining the multiplier function will improve performance and will save significant power so it is suggested whenever possible to fully pipeline this function.  If this multiplier was inferred, it is suggested to describe an additional register stage after this function.  If there is no registered adder/accumulator following the multiply function, two pipeline stages are suggested to allow both the MREG and PREG registers to be used.  If the DSP48 was instantiated in the design, it is suggested to set both the MREG and PREG attributes to 1 when performing multiply functions.
Related violations: <none>

PDCN-1569#1 Warning
LUT equation term check  
Used physical LUT pin 'A1' of cell dbg_hub/inst/BSCANID.u_xsdbm_id/SWITCH_N_EXT_BSCAN.bscan_switch/temp_curid[31]_i_1 (pin dbg_hub/inst/BSCANID.u_xsdbm_id/SWITCH_N_EXT_BSCAN.bscan_switch/temp_curid[31]_i_1/I1) is not included in the LUT equation: 'O5=(A4*A2)+(A4*(~A2)*(~A3))+((~A4))'. If this cell is a user instantiated LUT in the design, please remove connectivity to the pin or change the equation and/or INIT string of the LUT to prevent this issue. If the cell is inferred or IP created LUT, please regenerate the IP and/or resynthesize the design to attempt to correct the issue.
Related violations: <none>

PDCN-1569#2 Warning
LUT equation term check  
Used physical LUT pin 'A2' of cell dbg_hub/inst/BSCANID.u_xsdbm_id/SWITCH_N_EXT_BSCAN.id_state[0]_i_1 (pin dbg_hub/inst/BSCANID.u_xsdbm_id/SWITCH_N_EXT_BSCAN.id_state[0]_i_1/I0) is not included in the LUT equation: 'O6=(A6+~A6)*((A4))'. If this cell is a user instantiated LUT in the design, please remove connectivity to the pin or change the equation and/or INIT string of the LUT to prevent this issue. If the cell is inferred or IP created LUT, please regenerate the IP and/or resynthesize the design to attempt to correct the issue.
Related violations: <none>

PDCN-1569#3 Warning
LUT equation term check  
Used physical LUT pin 'A5' of cell dbg_hub/inst/BSCANID.u_xsdbm_id/SWITCH_N_EXT_BSCAN.bscan_switch/temp_curid[31]_i_1 (pin dbg_hub/inst/BSCANID.u_xsdbm_id/SWITCH_N_EXT_BSCAN.bscan_switch/temp_curid[31]_i_1/I0) is not included in the LUT equation: 'O5=(A4*A2)+(A4*(~A2)*(~A3))+((~A4))'. If this cell is a user instantiated LUT in the design, please remove connectivity to the pin or change the equation and/or INIT string of the LUT to prevent this issue. If the cell is inferred or IP created LUT, please regenerate the IP and/or resynthesize the design to attempt to correct the issue.
Related violations: <none>

RTSTAT-10#1 Warning
No routable loads  
29 net(s) have no routable loads. The problem bus(es) and/or net(s) are dbg_hub/inst/BSCANID.u_xsdbm_id/CORE_XSDB.UUT_MASTER/U_ICON_INTERFACE/U_CMD1/ctl_reg_en_2[1],
dbg_hub/inst/BSCANID.u_xsdbm_id/CORE_XSDB.UUT_MASTER/U_ICON_INTERFACE/U_CMD6_RD/U_RD_FIFO/SUBCORE_FIFO.xsdbm_v3_0_0_rdfifo_inst/inst_fifo_gen/gconvfifo.rf/grf.rf/gntv_or_sync_fifo.gl0.rd/gr1.gr1_int.rfwft/aempty_fwft_i,
dbg_hub/inst/BSCANID.u_xsdbm_id/CORE_XSDB.UUT_MASTER/U_ICON_INTERFACE/U_CMD6_RD/U_RD_FIFO/SUBCORE_FIFO.xsdbm_v3_0_0_rdfifo_inst/inst_fifo_gen/gconvfifo.rf/grf.rf/gntv_or_sync_fifo.gl0.rd/gras.rsts/ram_empty_i,
dbg_hub/inst/BSCANID.u_xsdbm_id/CORE_XSDB.UUT_MASTER/U_ICON_INTERFACE/U_CMD6_RD/U_RD_FIFO/SUBCORE_FIFO.xsdbm_v3_0_0_rdfifo_inst/inst_fifo_gen/gconvfifo.rf/grf.rf/gntv_or_sync_fifo.gl0.wr/gwhf.whf/overflow,
dbg_hub/inst/BSCANID.u_xsdbm_id/CORE_XSDB.UUT_MASTER/U_ICON_INTERFACE/U_CMD6_RD/U_RD_FIFO/SUBCORE_FIFO.xsdbm_v3_0_0_rdfifo_inst/inst_fifo_gen/gconvfifo.rf/grf.rf/rstblk/ngwrdrst.grst.wr_rst_reg[2],
dbg_hub/inst/BSCANID.u_xsdbm_id/CORE_XSDB.UUT_MASTER/U_ICON_INTERFACE/U_CMD6_WR/U_WR_FIFO/SUBCORE_FIFO.xsdbm_v3_0_0_wrfifo_inst/inst_fifo_gen/gconvfifo.rf/grf.rf/gntv_or_sync_fifo.gl0.wr/gwas.wsts/ram_full_i,
dbg_hub/inst/BSCANID.u_xsdbm_id/CORE_XSDB.UUT_MASTER/U_ICON_INTERFACE/U_CMD6_WR/U_WR_FIFO/SUBCORE_FIFO.xsdbm_v3_0_0_wrfifo_inst/inst_fifo_gen/gconvfifo.rf/grf.rf/gntv_or_sync_fifo.gl0.wr/gwhf.whf/overflow,
dbg_hub/inst/BSCANID.u_xsdbm_id/CORE_XSDB.UUT_MASTER/U_ICON_INTERFACE/U_CMD6_WR/U_WR_FIFO/SUBCORE_FIFO.xsdbm_v3_0_0_wrfifo_inst/inst_fifo_gen/gconvfifo.rf/grf.rf/rstblk/ngwrdrst.grst.rd_rst_reg[0],
dbg_hub/inst/BSCANID.u_xsdbm_id/CORE_XSDB.UUT_MASTER/U_ICON_INTERFACE/U_CMD6_WR/U_WR_FIFO/SUBCORE_FIFO.xsdbm_v3_0_0_wrfifo_inst/inst_fifo_gen/gconvfifo.rf/grf.rf/rstblk/ngwrdrst.grst.wr_rst_reg[2],
dbg_hub/inst/BSCANID.u_xsdbm_id/CORE_XSDB.UUT_MASTER/U_ICON_INTERFACE/U_CMD7_CTL/ctl_reg[2:0],
dbg_hub/inst/BSCANID.u_xsdbm_id/CORE_XSDB.UUT_MASTER/U_ICON_INTERFACE/U_CMD7_CTL/ctl_reg_en_2[1],
dbg_hub/inst/BSCANID.u_xsdbm_id/SWITCH_N_EXT_BSCAN.bscan_inst/TMS,
dbg_hub/inst/BSCANID.u_xsdbm_id/SWITCH_N_EXT_BSCAN.bscan_switch/m_bscan_capture[0],
dbg_hub/inst/BSCANID.u_xsdbm_id/SWITCH_N_EXT_BSCAN.bscan_switch/m_bscan_drck[0],
dbg_hub/inst/BSCANID.u_xsdbm_id/SWITCH_N_EXT_BSCAN.bscan_switch/m_bscan_runtest[0]
 (the first 15 of 27 listed nets/buses).
Related violations: <none>

ZPS7-1#1 Warning
PS7 block required  
The PS7 cell must be used in this Zynq design in order to enable correct default configuration.
Related violations: <none>

AVAL-4#1 Advisory
enum_USE_DPORT_FALSE_enum_DREG_ADREG_0_connects_CED_CEAD_RSTD_GND  
hdmi_vga_i/vp_0/inst/sobel/context/Gx/add/U0/xst_addsub/xbip_addsub.i_a_b_nogrowth.not_unsigned_max_width.i_xbip_addsub/addsub_usecase.i_addsub/i_synth_option.i_synth_model/opt_vx7.i_uniwrap/i_primitive: DSP48E1 is not using the D port (USE_DPORT = FALSE). For improved power characteristics, set DREG and ADREG to '1', tie CED, CEAD, and RSTD to logic '0'.
Related violations: <none>

AVAL-4#2 Advisory
enum_USE_DPORT_FALSE_enum_DREG_ADREG_0_connects_CED_CEAD_RSTD_GND  
hdmi_vga_i/vp_0/inst/sobel/context/Gx/addAB/U0/xst_addsub/xbip_addsub.i_a_b_nogrowth.not_unsigned_max_width.i_xbip_addsub/addsub_usecase.i_addsub/i_synth_option.i_synth_model/opt_vx7.i_uniwrap/i_primitive: DSP48E1 is not using the D port (USE_DPORT = FALSE). For improved power characteristics, set DREG and ADREG to '1', tie CED, CEAD, and RSTD to logic '0'.
Related violations: <none>

AVAL-4#3 Advisory
enum_USE_DPORT_FALSE_enum_DREG_ADREG_0_connects_CED_CEAD_RSTD_GND  
hdmi_vga_i/vp_0/inst/sobel/context/Gx/addABCD/U0/xst_addsub/xbip_addsub.i_a_b_nogrowth.not_unsigned_max_width.i_xbip_addsub/addsub_usecase.i_addsub/i_synth_option.i_synth_model/opt_vx7.i_uniwrap/i_primitive: DSP48E1 is not using the D port (USE_DPORT = FALSE). For improved power characteristics, set DREG and ADREG to '1', tie CED, CEAD, and RSTD to logic '0'.
Related violations: <none>

AVAL-4#4 Advisory
enum_USE_DPORT_FALSE_enum_DREG_ADREG_0_connects_CED_CEAD_RSTD_GND  
hdmi_vga_i/vp_0/inst/sobel/context/Gx/addCD/U0/xst_addsub/xbip_addsub.i_a_b_nogrowth.not_unsigned_max_width.i_xbip_addsub/addsub_usecase.i_addsub/i_synth_option.i_synth_model/opt_vx7.i_uniwrap/i_primitive: DSP48E1 is not using the D port (USE_DPORT = FALSE). For improved power characteristics, set DREG and ADREG to '1', tie CED, CEAD, and RSTD to logic '0'.
Related violations: <none>

AVAL-4#5 Advisory
enum_USE_DPORT_FALSE_enum_DREG_ADREG_0_connects_CED_CEAD_RSTD_GND  
hdmi_vga_i/vp_0/inst/sobel/context/Gx/addFG/U0/xst_addsub/xbip_addsub.i_a_b_nogrowth.not_unsigned_max_width.i_xbip_addsub/addsub_usecase.i_addsub/i_synth_option.i_synth_model/opt_vx7.i_uniwrap/i_primitive: DSP48E1 is not using the D port (USE_DPORT = FALSE). For improved power characteristics, set DREG and ADREG to '1', tie CED, CEAD, and RSTD to logic '0'.
Related violations: <none>

AVAL-4#6 Advisory
enum_USE_DPORT_FALSE_enum_DREG_ADREG_0_connects_CED_CEAD_RSTD_GND  
hdmi_vga_i/vp_0/inst/sobel/context/Gx/addFGHI/U0/xst_addsub/xbip_addsub.i_a_b_nogrowth.not_unsigned_max_width.i_xbip_addsub/addsub_usecase.i_addsub/i_synth_option.i_synth_model/opt_vx7.i_uniwrap/i_primitive: DSP48E1 is not using the D port (USE_DPORT = FALSE). For improved power characteristics, set DREG and ADREG to '1', tie CED, CEAD, and RSTD to logic '0'.
Related violations: <none>

AVAL-4#7 Advisory
enum_USE_DPORT_FALSE_enum_DREG_ADREG_0_connects_CED_CEAD_RSTD_GND  
hdmi_vga_i/vp_0/inst/sobel/context/Gx/addHI/U0/xst_addsub/xbip_addsub.i_a_b_nogrowth.not_unsigned_max_width.i_xbip_addsub/addsub_usecase.i_addsub/i_synth_option.i_synth_model/opt_vx7.i_uniwrap/i_primitive: DSP48E1 is not using the D port (USE_DPORT = FALSE). For improved power characteristics, set DREG and ADREG to '1', tie CED, CEAD, and RSTD to logic '0'.
Related violations: <none>

AVAL-4#8 Advisory
enum_USE_DPORT_FALSE_enum_DREG_ADREG_0_connects_CED_CEAD_RSTD_GND  
hdmi_vga_i/vp_0/inst/sobel/context/Gy/add/U0/xst_addsub/xbip_addsub.i_a_b_nogrowth.not_unsigned_max_width.i_xbip_addsub/addsub_usecase.i_addsub/i_synth_option.i_synth_model/opt_vx7.i_uniwrap/i_primitive: DSP48E1 is not using the D port (USE_DPORT = FALSE). For improved power characteristics, set DREG and ADREG to '1', tie CED, CEAD, and RSTD to logic '0'.
Related violations: <none>

AVAL-4#9 Advisory
enum_USE_DPORT_FALSE_enum_DREG_ADREG_0_connects_CED_CEAD_RSTD_GND  
hdmi_vga_i/vp_0/inst/sobel/context/Gy/addAB/U0/xst_addsub/xbip_addsub.i_a_b_nogrowth.not_unsigned_max_width.i_xbip_addsub/addsub_usecase.i_addsub/i_synth_option.i_synth_model/opt_vx7.i_uniwrap/i_primitive: DSP48E1 is not using the D port (USE_DPORT = FALSE). For improved power characteristics, set DREG and ADREG to '1', tie CED, CEAD, and RSTD to logic '0'.
Related violations: <none>

AVAL-4#10 Advisory
enum_USE_DPORT_FALSE_enum_DREG_ADREG_0_connects_CED_CEAD_RSTD_GND  
hdmi_vga_i/vp_0/inst/sobel/context/Gy/addABCD/U0/xst_addsub/xbip_addsub.i_a_b_nogrowth.not_unsigned_max_width.i_xbip_addsub/addsub_usecase.i_addsub/i_synth_option.i_synth_model/opt_vx7.i_uniwrap/i_primitive: DSP48E1 is not using the D port (USE_DPORT = FALSE). For improved power characteristics, set DREG and ADREG to '1', tie CED, CEAD, and RSTD to logic '0'.
Related violations: <none>

AVAL-4#11 Advisory
enum_USE_DPORT_FALSE_enum_DREG_ADREG_0_connects_CED_CEAD_RSTD_GND  
hdmi_vga_i/vp_0/inst/sobel/context/Gy/addCD/U0/xst_addsub/xbip_addsub.i_a_b_nogrowth.not_unsigned_max_width.i_xbip_addsub/addsub_usecase.i_addsub/i_synth_option.i_synth_model/opt_vx7.i_uniwrap/i_primitive: DSP48E1 is not using the D port (USE_DPORT = FALSE). For improved power characteristics, set DREG and ADREG to '1', tie CED, CEAD, and RSTD to logic '0'.
Related violations: <none>

AVAL-4#12 Advisory
enum_USE_DPORT_FALSE_enum_DREG_ADREG_0_connects_CED_CEAD_RSTD_GND  
hdmi_vga_i/vp_0/inst/sobel/context/Gy/addFG/U0/xst_addsub/xbip_addsub.i_a_b_nogrowth.not_unsigned_max_width.i_xbip_addsub/addsub_usecase.i_addsub/i_synth_option.i_synth_model/opt_vx7.i_uniwrap/i_primitive: DSP48E1 is not using the D port (USE_DPORT = FALSE). For improved power characteristics, set DREG and ADREG to '1', tie CED, CEAD, and RSTD to logic '0'.
Related violations: <none>

AVAL-4#13 Advisory
enum_USE_DPORT_FALSE_enum_DREG_ADREG_0_connects_CED_CEAD_RSTD_GND  
hdmi_vga_i/vp_0/inst/sobel/context/Gy/addFGHI/U0/xst_addsub/xbip_addsub.i_a_b_nogrowth.not_unsigned_max_width.i_xbip_addsub/addsub_usecase.i_addsub/i_synth_option.i_synth_model/opt_vx7.i_uniwrap/i_primitive: DSP48E1 is not using the D port (USE_DPORT = FALSE). For improved power characteristics, set DREG and ADREG to '1', tie CED, CEAD, and RSTD to logic '0'.
Related violations: <none>

AVAL-4#14 Advisory
enum_USE_DPORT_FALSE_enum_DREG_ADREG_0_connects_CED_CEAD_RSTD_GND  
hdmi_vga_i/vp_0/inst/sobel/context/Gy/addHI/U0/xst_addsub/xbip_addsub.i_a_b_nogrowth.not_unsigned_max_width.i_xbip_addsub/addsub_usecase.i_addsub/i_synth_option.i_synth_model/opt_vx7.i_uniwrap/i_primitive: DSP48E1 is not using the D port (USE_DPORT = FALSE). For improved power characteristics, set DREG and ADREG to '1', tie CED, CEAD, and RSTD to logic '0'.
Related violations: <none>

AVAL-4#15 Advisory
enum_USE_DPORT_FALSE_enum_DREG_ADREG_0_connects_CED_CEAD_RSTD_GND  
hdmi_vga_i/vp_0/inst/sobel/context/addS/U0/xst_addsub/xbip_addsub.i_a_b_nogrowth.not_unsigned_max_width.i_xbip_addsub/addsub_usecase.i_addsub/i_synth_option.i_synth_model/opt_vx7.i_uniwrap/i_primitive: DSP48E1 is not using the D port (USE_DPORT = FALSE). For improved power characteristics, set DREG and ADREG to '1', tie CED, CEAD, and RSTD to logic '0'.
Related violations: <none>

AVAL-4#16 Advisory
enum_USE_DPORT_FALSE_enum_DREG_ADREG_0_connects_CED_CEAD_RSTD_GND  
hdmi_vga_i/vp_0/inst/vis_circ/add/U0/xst_addsub/xbip_addsub.i_a_b_nogrowth.not_unsigned_max_width.i_xbip_addsub/addsub_usecase.i_addsub/i_synth_option.i_synth_model/opt_vx7.i_uniwrap/i_primitive: DSP48E1 is not using the D port (USE_DPORT = FALSE). For improved power characteristics, set DREG and ADREG to '1', tie CED, CEAD, and RSTD to logic '0'.
Related violations: <none>

AVAL-4#17 Advisory
enum_USE_DPORT_FALSE_enum_DREG_ADREG_0_connects_CED_CEAD_RSTD_GND  
hdmi_vga_i/vp_0/inst/vis_circ/subx/U0/xst_addsub/xbip_addsub.i_a_b_nogrowth.not_unsigned_max_width.i_xbip_addsub/addsub_usecase.i_addsub/i_synth_option.i_synth_model/opt_vx7.i_uniwrap/i_primitive: DSP48E1 is not using the D port (USE_DPORT = FALSE). For improved power characteristics, set DREG and ADREG to '1', tie CED, CEAD, and RSTD to logic '0'.
Related violations: <none>

AVAL-4#18 Advisory
enum_USE_DPORT_FALSE_enum_DREG_ADREG_0_connects_CED_CEAD_RSTD_GND  
hdmi_vga_i/vp_0/inst/vis_circ/suby/U0/xst_addsub/xbip_addsub.i_a_b_nogrowth.not_unsigned_max_width.i_xbip_addsub/addsub_usecase.i_addsub/i_synth_option.i_synth_model/opt_vx7.i_uniwrap/i_primitive: DSP48E1 is not using the D port (USE_DPORT = FALSE). For improved power characteristics, set DREG and ADREG to '1', tie CED, CEAD, and RSTD to logic '0'.
Related violations: <none>

AVAL-5#1 Advisory
enum_USE_MULT_NONE_enum_DREG_ADREG_0_connects_CED_CEAD_RSTD_GND  
hdmi_vga_i/vp_0/inst/sobel/context/Gx/add/U0/xst_addsub/xbip_addsub.i_a_b_nogrowth.not_unsigned_max_width.i_xbip_addsub/addsub_usecase.i_addsub/i_synth_option.i_synth_model/opt_vx7.i_uniwrap/i_primitive: DSP48E1 is not using the Multiplier (USE_MULT = NONE). For improved power characteristics, set DREG and ADREG to '1', tie CED, CEAD, and RSTD to logic '0'.
Related violations: <none>

AVAL-5#2 Advisory
enum_USE_MULT_NONE_enum_DREG_ADREG_0_connects_CED_CEAD_RSTD_GND  
hdmi_vga_i/vp_0/inst/sobel/context/Gx/addAB/U0/xst_addsub/xbip_addsub.i_a_b_nogrowth.not_unsigned_max_width.i_xbip_addsub/addsub_usecase.i_addsub/i_synth_option.i_synth_model/opt_vx7.i_uniwrap/i_primitive: DSP48E1 is not using the Multiplier (USE_MULT = NONE). For improved power characteristics, set DREG and ADREG to '1', tie CED, CEAD, and RSTD to logic '0'.
Related violations: <none>

AVAL-5#3 Advisory
enum_USE_MULT_NONE_enum_DREG_ADREG_0_connects_CED_CEAD_RSTD_GND  
hdmi_vga_i/vp_0/inst/sobel/context/Gx/addABCD/U0/xst_addsub/xbip_addsub.i_a_b_nogrowth.not_unsigned_max_width.i_xbip_addsub/addsub_usecase.i_addsub/i_synth_option.i_synth_model/opt_vx7.i_uniwrap/i_primitive: DSP48E1 is not using the Multiplier (USE_MULT = NONE). For improved power characteristics, set DREG and ADREG to '1', tie CED, CEAD, and RSTD to logic '0'.
Related violations: <none>

AVAL-5#4 Advisory
enum_USE_MULT_NONE_enum_DREG_ADREG_0_connects_CED_CEAD_RSTD_GND  
hdmi_vga_i/vp_0/inst/sobel/context/Gx/addCD/U0/xst_addsub/xbip_addsub.i_a_b_nogrowth.not_unsigned_max_width.i_xbip_addsub/addsub_usecase.i_addsub/i_synth_option.i_synth_model/opt_vx7.i_uniwrap/i_primitive: DSP48E1 is not using the Multiplier (USE_MULT = NONE). For improved power characteristics, set DREG and ADREG to '1', tie CED, CEAD, and RSTD to logic '0'.
Related violations: <none>

AVAL-5#5 Advisory
enum_USE_MULT_NONE_enum_DREG_ADREG_0_connects_CED_CEAD_RSTD_GND  
hdmi_vga_i/vp_0/inst/sobel/context/Gx/addFG/U0/xst_addsub/xbip_addsub.i_a_b_nogrowth.not_unsigned_max_width.i_xbip_addsub/addsub_usecase.i_addsub/i_synth_option.i_synth_model/opt_vx7.i_uniwrap/i_primitive: DSP48E1 is not using the Multiplier (USE_MULT = NONE). For improved power characteristics, set DREG and ADREG to '1', tie CED, CEAD, and RSTD to logic '0'.
Related violations: <none>

AVAL-5#6 Advisory
enum_USE_MULT_NONE_enum_DREG_ADREG_0_connects_CED_CEAD_RSTD_GND  
hdmi_vga_i/vp_0/inst/sobel/context/Gx/addFGHI/U0/xst_addsub/xbip_addsub.i_a_b_nogrowth.not_unsigned_max_width.i_xbip_addsub/addsub_usecase.i_addsub/i_synth_option.i_synth_model/opt_vx7.i_uniwrap/i_primitive: DSP48E1 is not using the Multiplier (USE_MULT = NONE). For improved power characteristics, set DREG and ADREG to '1', tie CED, CEAD, and RSTD to logic '0'.
Related violations: <none>

AVAL-5#7 Advisory
enum_USE_MULT_NONE_enum_DREG_ADREG_0_connects_CED_CEAD_RSTD_GND  
hdmi_vga_i/vp_0/inst/sobel/context/Gx/addHI/U0/xst_addsub/xbip_addsub.i_a_b_nogrowth.not_unsigned_max_width.i_xbip_addsub/addsub_usecase.i_addsub/i_synth_option.i_synth_model/opt_vx7.i_uniwrap/i_primitive: DSP48E1 is not using the Multiplier (USE_MULT = NONE). For improved power characteristics, set DREG and ADREG to '1', tie CED, CEAD, and RSTD to logic '0'.
Related violations: <none>

AVAL-5#8 Advisory
enum_USE_MULT_NONE_enum_DREG_ADREG_0_connects_CED_CEAD_RSTD_GND  
hdmi_vga_i/vp_0/inst/sobel/context/Gy/add/U0/xst_addsub/xbip_addsub.i_a_b_nogrowth.not_unsigned_max_width.i_xbip_addsub/addsub_usecase.i_addsub/i_synth_option.i_synth_model/opt_vx7.i_uniwrap/i_primitive: DSP48E1 is not using the Multiplier (USE_MULT = NONE). For improved power characteristics, set DREG and ADREG to '1', tie CED, CEAD, and RSTD to logic '0'.
Related violations: <none>

AVAL-5#9 Advisory
enum_USE_MULT_NONE_enum_DREG_ADREG_0_connects_CED_CEAD_RSTD_GND  
hdmi_vga_i/vp_0/inst/sobel/context/Gy/addAB/U0/xst_addsub/xbip_addsub.i_a_b_nogrowth.not_unsigned_max_width.i_xbip_addsub/addsub_usecase.i_addsub/i_synth_option.i_synth_model/opt_vx7.i_uniwrap/i_primitive: DSP48E1 is not using the Multiplier (USE_MULT = NONE). For improved power characteristics, set DREG and ADREG to '1', tie CED, CEAD, and RSTD to logic '0'.
Related violations: <none>

AVAL-5#10 Advisory
enum_USE_MULT_NONE_enum_DREG_ADREG_0_connects_CED_CEAD_RSTD_GND  
hdmi_vga_i/vp_0/inst/sobel/context/Gy/addABCD/U0/xst_addsub/xbip_addsub.i_a_b_nogrowth.not_unsigned_max_width.i_xbip_addsub/addsub_usecase.i_addsub/i_synth_option.i_synth_model/opt_vx7.i_uniwrap/i_primitive: DSP48E1 is not using the Multiplier (USE_MULT = NONE). For improved power characteristics, set DREG and ADREG to '1', tie CED, CEAD, and RSTD to logic '0'.
Related violations: <none>

AVAL-5#11 Advisory
enum_USE_MULT_NONE_enum_DREG_ADREG_0_connects_CED_CEAD_RSTD_GND  
hdmi_vga_i/vp_0/inst/sobel/context/Gy/addCD/U0/xst_addsub/xbip_addsub.i_a_b_nogrowth.not_unsigned_max_width.i_xbip_addsub/addsub_usecase.i_addsub/i_synth_option.i_synth_model/opt_vx7.i_uniwrap/i_primitive: DSP48E1 is not using the Multiplier (USE_MULT = NONE). For improved power characteristics, set DREG and ADREG to '1', tie CED, CEAD, and RSTD to logic '0'.
Related violations: <none>

AVAL-5#12 Advisory
enum_USE_MULT_NONE_enum_DREG_ADREG_0_connects_CED_CEAD_RSTD_GND  
hdmi_vga_i/vp_0/inst/sobel/context/Gy/addFG/U0/xst_addsub/xbip_addsub.i_a_b_nogrowth.not_unsigned_max_width.i_xbip_addsub/addsub_usecase.i_addsub/i_synth_option.i_synth_model/opt_vx7.i_uniwrap/i_primitive: DSP48E1 is not using the Multiplier (USE_MULT = NONE). For improved power characteristics, set DREG and ADREG to '1', tie CED, CEAD, and RSTD to logic '0'.
Related violations: <none>

AVAL-5#13 Advisory
enum_USE_MULT_NONE_enum_DREG_ADREG_0_connects_CED_CEAD_RSTD_GND  
hdmi_vga_i/vp_0/inst/sobel/context/Gy/addFGHI/U0/xst_addsub/xbip_addsub.i_a_b_nogrowth.not_unsigned_max_width.i_xbip_addsub/addsub_usecase.i_addsub/i_synth_option.i_synth_model/opt_vx7.i_uniwrap/i_primitive: DSP48E1 is not using the Multiplier (USE_MULT = NONE). For improved power characteristics, set DREG and ADREG to '1', tie CED, CEAD, and RSTD to logic '0'.
Related violations: <none>

AVAL-5#14 Advisory
enum_USE_MULT_NONE_enum_DREG_ADREG_0_connects_CED_CEAD_RSTD_GND  
hdmi_vga_i/vp_0/inst/sobel/context/Gy/addHI/U0/xst_addsub/xbip_addsub.i_a_b_nogrowth.not_unsigned_max_width.i_xbip_addsub/addsub_usecase.i_addsub/i_synth_option.i_synth_model/opt_vx7.i_uniwrap/i_primitive: DSP48E1 is not using the Multiplier (USE_MULT = NONE). For improved power characteristics, set DREG and ADREG to '1', tie CED, CEAD, and RSTD to logic '0'.
Related violations: <none>

AVAL-5#15 Advisory
enum_USE_MULT_NONE_enum_DREG_ADREG_0_connects_CED_CEAD_RSTD_GND  
hdmi_vga_i/vp_0/inst/sobel/context/addS/U0/xst_addsub/xbip_addsub.i_a_b_nogrowth.not_unsigned_max_width.i_xbip_addsub/addsub_usecase.i_addsub/i_synth_option.i_synth_model/opt_vx7.i_uniwrap/i_primitive: DSP48E1 is not using the Multiplier (USE_MULT = NONE). For improved power characteristics, set DREG and ADREG to '1', tie CED, CEAD, and RSTD to logic '0'.
Related violations: <none>

AVAL-5#16 Advisory
enum_USE_MULT_NONE_enum_DREG_ADREG_0_connects_CED_CEAD_RSTD_GND  
hdmi_vga_i/vp_0/inst/vis_circ/add/U0/xst_addsub/xbip_addsub.i_a_b_nogrowth.not_unsigned_max_width.i_xbip_addsub/addsub_usecase.i_addsub/i_synth_option.i_synth_model/opt_vx7.i_uniwrap/i_primitive: DSP48E1 is not using the Multiplier (USE_MULT = NONE). For improved power characteristics, set DREG and ADREG to '1', tie CED, CEAD, and RSTD to logic '0'.
Related violations: <none>

AVAL-5#17 Advisory
enum_USE_MULT_NONE_enum_DREG_ADREG_0_connects_CED_CEAD_RSTD_GND  
hdmi_vga_i/vp_0/inst/vis_circ/subx/U0/xst_addsub/xbip_addsub.i_a_b_nogrowth.not_unsigned_max_width.i_xbip_addsub/addsub_usecase.i_addsub/i_synth_option.i_synth_model/opt_vx7.i_uniwrap/i_primitive: DSP48E1 is not using the Multiplier (USE_MULT = NONE). For improved power characteristics, set DREG and ADREG to '1', tie CED, CEAD, and RSTD to logic '0'.
Related violations: <none>

AVAL-5#18 Advisory
enum_USE_MULT_NONE_enum_DREG_ADREG_0_connects_CED_CEAD_RSTD_GND  
hdmi_vga_i/vp_0/inst/vis_circ/suby/U0/xst_addsub/xbip_addsub.i_a_b_nogrowth.not_unsigned_max_width.i_xbip_addsub/addsub_usecase.i_addsub/i_synth_option.i_synth_model/opt_vx7.i_uniwrap/i_primitive: DSP48E1 is not using the Multiplier (USE_MULT = NONE). For improved power characteristics, set DREG and ADREG to '1', tie CED, CEAD, and RSTD to logic '0'.
Related violations: <none>


