
*** Running vivado
    with args -log hdmi_vga_wrapper.vdi -applog -m64 -product Vivado -messageDb vivado.pb -mode batch -source hdmi_vga_wrapper.tcl -notrace


ECHO is off.
ECHO is off.

****** Vivado v2023.2 (64-bit)
  **** SW Build 4029153 on Fri Oct 13 20:14:34 MDT 2023
  **** IP Build 4028589 on Sat Oct 14 00:45:43 MDT 2023
  **** SharedData Build 4025554 on Tue Oct 10 17:18:54 MDT 2023
    ** Copyright 1986-2022 Xilinx, Inc. All Rights Reserved.
    ** Copyright 2022-2023 Advanced Micro Devices, Inc. All Rights Reserved.

source hdmi_vga_wrapper.tcl -notrace
INFO: [IP_Flow 19-234] Refreshing IP repositories
INFO: [IP_Flow 19-1700] Loaded user IP repository 'c:/Users/User/Documents/studia/sem6/reconfigurable-systems/visual_track/vivado-library'.
INFO: [IP_Flow 19-1700] Loaded user IP repository 'c:/Users/User/AppData/Roaming/Xilinx/ip_repo'.
INFO: [IP_Flow 19-2313] Loaded Vivado IP repository 'C:/Xilinx/Vivado/2023.2/data/ip'.
WARNING: [IP_Flow 19-4995] The host OS only allows 260 characters in a normal path. The IP cache path is more than 80 characters. If you experience issues with IP caching, please consider changing the IP cache to a location with a shorter path. Alternately consider using the OS subst command to map part of the path to a drive letter. 
Current IP cache path is C:/Users/User/Documents/studia/sem6/reconfigurable-systems/visual_track/hdmi_vga_zybo/hdmi_vga_zybo.cache/ip 
Command: link_design -top hdmi_vga_wrapper -part xc7z010clg400-1
Design is defaulting to srcset: sources_1
Design is defaulting to constrset: constrs_1
INFO: [Device 21-403] Loading part xc7z010clg400-1
INFO: [Project 1-454] Reading design checkpoint 'c:/Users/User/Documents/studia/sem6/reconfigurable-systems/visual_track/hdmi_vga_zybo/hdmi_vga_zybo.gen/sources_1/bd/hdmi_vga/ip/hdmi_vga_clk_wiz_0_0/hdmi_vga_clk_wiz_0_0.dcp' for cell 'hdmi_vga_i/clk_wiz_0'
INFO: [Project 1-454] Reading design checkpoint 'c:/Users/User/Documents/studia/sem6/reconfigurable-systems/visual_track/hdmi_vga_zybo/hdmi_vga_zybo.gen/sources_1/bd/hdmi_vga/ip/hdmi_vga_dvi2rgb_0_0/hdmi_vga_dvi2rgb_0_0.dcp' for cell 'hdmi_vga_i/dvi2rgb_0'
INFO: [Project 1-454] Reading design checkpoint 'c:/Users/User/Documents/studia/sem6/reconfigurable-systems/visual_track/hdmi_vga_zybo/hdmi_vga_zybo.gen/sources_1/bd/hdmi_vga/ip/hdmi_vga_rgb2vga_0_0/hdmi_vga_rgb2vga_0_0.dcp' for cell 'hdmi_vga_i/rgb2vga_0'
INFO: [Project 1-454] Reading design checkpoint 'c:/Users/User/Documents/studia/sem6/reconfigurable-systems/visual_track/hdmi_vga_zybo/hdmi_vga_zybo.gen/sources_1/bd/hdmi_vga/ip/hdmi_vga_vp_0_0/hdmi_vga_vp_0_0.dcp' for cell 'hdmi_vga_i/vp_0'
Netlist sorting complete. Time (s): cpu = 00:00:00 ; elapsed = 00:00:00.092 . Memory (MB): peak = 1005.387 ; gain = 0.000
INFO: [Netlist 29-17] Analyzing 413 Unisim elements for replacement
INFO: [Netlist 29-28] Unisim Transformation completed in 0 CPU seconds
INFO: [Project 1-479] Netlist was created with Vivado 2023.2
INFO: [Project 1-570] Preparing netlist for logic optimization
INFO: [Chipscope 16-324] Core: hdmi_vga_i/dvi2rgb_0/U0/GenerateDebug.ILA_PixClkx UUID: f7be00e0-8dd0-5d11-87f8-3ac9dde6e10d 
INFO: [Chipscope 16-324] Core: hdmi_vga_i/dvi2rgb_0/U0/GenerateDebug.ILA_RefClkx UUID: 88f563cd-4e15-519c-b3cd-92bfba70cafb 
Parsing XDC File [c:/Users/User/Documents/studia/sem6/reconfigurable-systems/visual_track/hdmi_vga_zybo/hdmi_vga_zybo.gen/sources_1/bd/hdmi_vga/ip/hdmi_vga_dvi2rgb_0_0/src/ila_refclk/ila_v6_2/constraints/ila.xdc] for cell 'hdmi_vga_i/dvi2rgb_0/U0/GenerateDebug.ILA_RefClkx/inst'
Finished Parsing XDC File [c:/Users/User/Documents/studia/sem6/reconfigurable-systems/visual_track/hdmi_vga_zybo/hdmi_vga_zybo.gen/sources_1/bd/hdmi_vga/ip/hdmi_vga_dvi2rgb_0_0/src/ila_refclk/ila_v6_2/constraints/ila.xdc] for cell 'hdmi_vga_i/dvi2rgb_0/U0/GenerateDebug.ILA_RefClkx/inst'
Parsing XDC File [c:/Users/User/Documents/studia/sem6/reconfigurable-systems/visual_track/hdmi_vga_zybo/hdmi_vga_zybo.gen/sources_1/bd/hdmi_vga/ip/hdmi_vga_dvi2rgb_0_0/src/ila_pixclk/ila_v6_2/constraints/ila.xdc] for cell 'hdmi_vga_i/dvi2rgb_0/U0/GenerateDebug.ILA_PixClkx/inst'
Finished Parsing XDC File [c:/Users/User/Documents/studia/sem6/reconfigurable-systems/visual_track/hdmi_vga_zybo/hdmi_vga_zybo.gen/sources_1/bd/hdmi_vga/ip/hdmi_vga_dvi2rgb_0_0/src/ila_pixclk/ila_v6_2/constraints/ila.xdc] for cell 'hdmi_vga_i/dvi2rgb_0/U0/GenerateDebug.ILA_PixClkx/inst'
Parsing XDC File [c:/Users/User/Documents/studia/sem6/reconfigurable-systems/visual_track/hdmi_vga_zybo/hdmi_vga_zybo.gen/sources_1/bd/hdmi_vga/ip/hdmi_vga_dvi2rgb_0_0/src/dvi2rgb.xdc] for cell 'hdmi_vga_i/dvi2rgb_0/U0'
Finished Parsing XDC File [c:/Users/User/Documents/studia/sem6/reconfigurable-systems/visual_track/hdmi_vga_zybo/hdmi_vga_zybo.gen/sources_1/bd/hdmi_vga/ip/hdmi_vga_dvi2rgb_0_0/src/dvi2rgb.xdc] for cell 'hdmi_vga_i/dvi2rgb_0/U0'
Parsing XDC File [c:/Users/User/Documents/studia/sem6/reconfigurable-systems/visual_track/hdmi_vga_zybo/hdmi_vga_zybo.gen/sources_1/bd/hdmi_vga/ip/hdmi_vga_clk_wiz_0_0/hdmi_vga_clk_wiz_0_0_board.xdc] for cell 'hdmi_vga_i/clk_wiz_0/inst'
Finished Parsing XDC File [c:/Users/User/Documents/studia/sem6/reconfigurable-systems/visual_track/hdmi_vga_zybo/hdmi_vga_zybo.gen/sources_1/bd/hdmi_vga/ip/hdmi_vga_clk_wiz_0_0/hdmi_vga_clk_wiz_0_0_board.xdc] for cell 'hdmi_vga_i/clk_wiz_0/inst'
Parsing XDC File [c:/Users/User/Documents/studia/sem6/reconfigurable-systems/visual_track/hdmi_vga_zybo/hdmi_vga_zybo.gen/sources_1/bd/hdmi_vga/ip/hdmi_vga_clk_wiz_0_0/hdmi_vga_clk_wiz_0_0.xdc] for cell 'hdmi_vga_i/clk_wiz_0/inst'
INFO: [Timing 38-35] Done setting XDC timing constraints. [c:/Users/User/Documents/studia/sem6/reconfigurable-systems/visual_track/hdmi_vga_zybo/hdmi_vga_zybo.gen/sources_1/bd/hdmi_vga/ip/hdmi_vga_clk_wiz_0_0/hdmi_vga_clk_wiz_0_0.xdc:54]
INFO: [Timing 38-2] Deriving generated clocks [c:/Users/User/Documents/studia/sem6/reconfigurable-systems/visual_track/hdmi_vga_zybo/hdmi_vga_zybo.gen/sources_1/bd/hdmi_vga/ip/hdmi_vga_clk_wiz_0_0/hdmi_vga_clk_wiz_0_0.xdc:54]
Finished Parsing XDC File [c:/Users/User/Documents/studia/sem6/reconfigurable-systems/visual_track/hdmi_vga_zybo/hdmi_vga_zybo.gen/sources_1/bd/hdmi_vga/ip/hdmi_vga_clk_wiz_0_0/hdmi_vga_clk_wiz_0_0.xdc] for cell 'hdmi_vga_i/clk_wiz_0/inst'
Parsing XDC File [C:/Users/User/Documents/studia/sem6/reconfigurable-systems/visual_track/hdmi_vga_zybo/hdmi_vga_zybo.srcs/constrs_1/imports/hdmi_vga_zybo_src/Zybo_HDMI.xdc]
WARNING: [Vivado 12-584] No ports matched 'sw[0]'. [C:/Users/User/Documents/studia/sem6/reconfigurable-systems/visual_track/hdmi_vga_zybo/hdmi_vga_zybo.srcs/constrs_1/imports/hdmi_vga_zybo_src/Zybo_HDMI.xdc:14]
CRITICAL WARNING: [Common 17-55] 'set_property' expects at least one object. [C:/Users/User/Documents/studia/sem6/reconfigurable-systems/visual_track/hdmi_vga_zybo/hdmi_vga_zybo.srcs/constrs_1/imports/hdmi_vga_zybo_src/Zybo_HDMI.xdc:14]
Resolution: If [get_<value>] was used to populate the object, check to make sure this command returns at least one valid object.
WARNING: [Vivado 12-584] No ports matched 'sw[1]'. [C:/Users/User/Documents/studia/sem6/reconfigurable-systems/visual_track/hdmi_vga_zybo/hdmi_vga_zybo.srcs/constrs_1/imports/hdmi_vga_zybo_src/Zybo_HDMI.xdc:15]
CRITICAL WARNING: [Common 17-55] 'set_property' expects at least one object. [C:/Users/User/Documents/studia/sem6/reconfigurable-systems/visual_track/hdmi_vga_zybo/hdmi_vga_zybo.srcs/constrs_1/imports/hdmi_vga_zybo_src/Zybo_HDMI.xdc:15]
Resolution: If [get_<value>] was used to populate the object, check to make sure this command returns at least one valid object.
WARNING: [Vivado 12-584] No ports matched 'sw[2]'. [C:/Users/User/Documents/studia/sem6/reconfigurable-systems/visual_track/hdmi_vga_zybo/hdmi_vga_zybo.srcs/constrs_1/imports/hdmi_vga_zybo_src/Zybo_HDMI.xdc:16]
CRITICAL WARNING: [Common 17-55] 'set_property' expects at least one object. [C:/Users/User/Documents/studia/sem6/reconfigurable-systems/visual_track/hdmi_vga_zybo/hdmi_vga_zybo.srcs/constrs_1/imports/hdmi_vga_zybo_src/Zybo_HDMI.xdc:16]
Resolution: If [get_<value>] was used to populate the object, check to make sure this command returns at least one valid object.
Finished Parsing XDC File [C:/Users/User/Documents/studia/sem6/reconfigurable-systems/visual_track/hdmi_vga_zybo/hdmi_vga_zybo.srcs/constrs_1/imports/hdmi_vga_zybo_src/Zybo_HDMI.xdc]
Parsing XDC File [c:/Users/User/Documents/studia/sem6/reconfigurable-systems/visual_track/hdmi_vga_zybo/hdmi_vga_zybo.gen/sources_1/bd/hdmi_vga/ip/hdmi_vga_dvi2rgb_0_0/src/ila_timing_workaround.xdc] for cell 'hdmi_vga_i/dvi2rgb_0/U0'
Finished Parsing XDC File [c:/Users/User/Documents/studia/sem6/reconfigurable-systems/visual_track/hdmi_vga_zybo/hdmi_vga_zybo.gen/sources_1/bd/hdmi_vga/ip/hdmi_vga_dvi2rgb_0_0/src/ila_timing_workaround.xdc] for cell 'hdmi_vga_i/dvi2rgb_0/U0'
INFO: [Opt 31-138] Pushed 0 inverter(s) to 0 load pin(s).
INFO: [Project 1-1687] 9 scoped IP constraints or related sub-commands were skipped due to synthesis logic optimizations usually triggered by constant connectivity or unconnected output pins. To review the skipped constraints and messages, run the command 'set_param netlist.IPMsgFiltering false' before opening the design.
Netlist sorting complete. Time (s): cpu = 00:00:00 ; elapsed = 00:00:00.006 . Memory (MB): peak = 1687.980 ; gain = 0.000
INFO: [Project 1-111] Unisim Transformation Summary:
  A total of 200 instances were transformed.
  CFGLUT5 => CFGLUT5 (SRL16E, SRLC32E): 192 instances
  IOBUF => IOBUF (IBUF, OBUFT): 2 instances
  RAM32M => RAM32M (RAMD32(x6), RAMS32(x2)): 6 instances

The system cannot find the path specified.
20 Infos, 4 Warnings, 3 Critical Warnings and 0 Errors encountered.
link_design completed successfully
link_design: Time (s): cpu = 00:00:07 ; elapsed = 00:00:12 . Memory (MB): peak = 1687.980 ; gain = 1124.082
Command: opt_design
Attempting to get a license for feature 'Implementation' and/or device 'xc7z010'
INFO: [Common 17-349] Got license for feature 'Implementation' and/or device 'xc7z010'
Running DRC as a precondition to command opt_design

Starting DRC Task
INFO: [DRC 23-27] Running DRC with 2 threads
INFO: [Project 1-461] DRC finished with 0 Errors
INFO: [Project 1-462] Please refer to the DRC report (report_drc) for more information.

Time (s): cpu = 00:00:00 ; elapsed = 00:00:00.803 . Memory (MB): peak = 1687.980 ; gain = 0.000

Starting Cache Timing Information Task
INFO: [Timing 38-35] Done setting XDC timing constraints.
INFO: [Timing 38-2] Deriving generated clocks
Ending Cache Timing Information Task | Checksum: 217e39207

Time (s): cpu = 00:00:00 ; elapsed = 00:00:00.185 . Memory (MB): peak = 1708.812 ; gain = 20.832

Starting Logic Optimization Task

Phase 1 Initialization

Phase 1.1 Core Generation And Design Setup

Phase 1.1.1 Generate And Synthesize Debug Cores
INFO: [Chipscope 16-329] Generating Script for core instance : dbg_hub 
INFO: [IP_Flow 19-3806] Processing IP xilinx.com:ip:xsdbm:3.0 for cell dbg_hub_CV.
INFO: [Chipscope 16-469] Using cached IP synthesis design for IP xilinx.com:ip:xsdbm:3.0, cache-ID = b0b0bfcb695d9407.
Done building netlist checker database: Time (s): cpu = 00:00:00 ; elapsed = 00:00:00.002 . Memory (MB): peak = 2106.188 ; gain = 0.000
Netlist sorting complete. Time (s): cpu = 00:00:00 ; elapsed = 00:00:00.018 . Memory (MB): peak = 2106.188 ; gain = 0.000
Phase 1.1.1 Generate And Synthesize Debug Cores | Checksum: 1cb947981

Time (s): cpu = 00:00:01 ; elapsed = 00:00:14 . Memory (MB): peak = 2106.188 ; gain = 20.949
Phase 1.1 Core Generation And Design Setup | Checksum: 1cb947981

Time (s): cpu = 00:00:01 ; elapsed = 00:00:14 . Memory (MB): peak = 2106.188 ; gain = 20.949

Phase 1.2 Setup Constraints And Sort Netlist
Phase 1.2 Setup Constraints And Sort Netlist | Checksum: 1cb947981

Time (s): cpu = 00:00:01 ; elapsed = 00:00:14 . Memory (MB): peak = 2106.188 ; gain = 20.949
Phase 1 Initialization | Checksum: 1cb947981

Time (s): cpu = 00:00:01 ; elapsed = 00:00:14 . Memory (MB): peak = 2106.188 ; gain = 20.949

Phase 2 Timer Update And Timing Data Collection

Phase 2.1 Timer Update
Phase 2.1 Timer Update | Checksum: 1cb947981

Time (s): cpu = 00:00:01 ; elapsed = 00:00:14 . Memory (MB): peak = 2106.188 ; gain = 20.949

Phase 2.2 Timing Data Collection
Phase 2.2 Timing Data Collection | Checksum: 1cb947981

Time (s): cpu = 00:00:01 ; elapsed = 00:00:14 . Memory (MB): peak = 2106.188 ; gain = 20.949
Phase 2 Timer Update And Timing Data Collection | Checksum: 1cb947981

Time (s): cpu = 00:00:01 ; elapsed = 00:00:14 . Memory (MB): peak = 2106.188 ; gain = 20.949

Phase 3 Retarget
INFO: [Opt 31-1566] Pulled 3 inverters resulting in an inversion of 33 pins
INFO: [Opt 31-138] Pushed 2 inverter(s) to 2 load pin(s).
CRITICAL WARNING: [Opt 31-430] Found a FDRE that its data pin is undriven. Driver is required to prevent unexpected behavior:hdmi_vga_i/rgb2vga_0/U0/vga_pVSync_reg
INFO: [Opt 31-49] Retargeted 0 cell(s).
Phase 3 Retarget | Checksum: 20a6318dd

Time (s): cpu = 00:00:01 ; elapsed = 00:00:14 . Memory (MB): peak = 2106.188 ; gain = 20.949
Retarget | Checksum: 20a6318dd
INFO: [Opt 31-389] Phase Retarget created 11 cells and removed 22 cells
INFO: [Opt 31-1021] In phase Retarget, 85 netlist objects are constrained preventing optimization. Please run opt_design with -debug_log to get more detail. 

Phase 4 Constant propagation
CRITICAL WARNING: [Opt 31-430] Found a FDRE that its data pin is undriven. Driver is required to prevent unexpected behavior:hdmi_vga_i/rgb2vga_0/U0/vga_pVSync_reg
INFO: [Opt 31-138] Pushed 0 inverter(s) to 0 load pin(s).
Phase 4 Constant propagation | Checksum: 25996d2c4

Time (s): cpu = 00:00:01 ; elapsed = 00:00:14 . Memory (MB): peak = 2106.188 ; gain = 20.949
Constant propagation | Checksum: 25996d2c4
INFO: [Opt 31-389] Phase Constant propagation created 0 cells and removed 32 cells
INFO: [Opt 31-1021] In phase Constant propagation, 50 netlist objects are constrained preventing optimization. Please run opt_design with -debug_log to get more detail. 

Phase 5 Sweep
Phase 5 Sweep | Checksum: 288d106a6

Time (s): cpu = 00:00:01 ; elapsed = 00:00:14 . Memory (MB): peak = 2106.188 ; gain = 20.949
Sweep | Checksum: 288d106a6
INFO: [Opt 31-389] Phase Sweep created 0 cells and removed 131 cells
INFO: [Opt 31-1021] In phase Sweep, 1316 netlist objects are constrained preventing optimization. Please run opt_design with -debug_log to get more detail. 

Phase 6 BUFG optimization
Phase 6 BUFG optimization | Checksum: 288d106a6

Time (s): cpu = 00:00:01 ; elapsed = 00:00:14 . Memory (MB): peak = 2106.188 ; gain = 20.949
BUFG optimization | Checksum: 288d106a6
INFO: [Opt 31-662] Phase BUFG optimization created 0 cells of which 0 are BUFGs and removed 0 cells.

Phase 7 Shift Register Optimization
WARNING: [Opt 31-1131] Can not pull register out from hdmi_vga_i/dvi2rgb_0/U0/GenerateDebug.ILA_PixClkx/inst/ila_core_inst/u_ila_cap_ctrl/U_CDONE/I_YESLUT6.U_SRL32_A due to none static srl address bits
WARNING: [Opt 31-1131] Can not pull register out from hdmi_vga_i/dvi2rgb_0/U0/GenerateDebug.ILA_PixClkx/inst/ila_core_inst/u_ila_cap_ctrl/U_CDONE/I_YESLUT6.U_SRL32_B due to none static srl address bits
WARNING: [Opt 31-1131] Can not pull register out from hdmi_vga_i/dvi2rgb_0/U0/GenerateDebug.ILA_PixClkx/inst/ila_core_inst/u_ila_cap_ctrl/U_NS0/I_YESLUT6.U_SRL32_A due to none static srl address bits
WARNING: [Opt 31-1131] Can not pull register out from hdmi_vga_i/dvi2rgb_0/U0/GenerateDebug.ILA_PixClkx/inst/ila_core_inst/u_ila_cap_ctrl/U_NS0/I_YESLUT6.U_SRL32_B due to none static srl address bits
WARNING: [Opt 31-1131] Can not pull register out from hdmi_vga_i/dvi2rgb_0/U0/GenerateDebug.ILA_PixClkx/inst/ila_core_inst/u_ila_cap_ctrl/U_NS0/I_YESLUT6.U_SRL32_C due to none static srl address bits
WARNING: [Opt 31-1131] Can not pull register out from hdmi_vga_i/dvi2rgb_0/U0/GenerateDebug.ILA_PixClkx/inst/ila_core_inst/u_ila_cap_ctrl/U_NS0/I_YESLUT6.U_SRL32_D due to none static srl address bits
WARNING: [Opt 31-1131] Can not pull register out from hdmi_vga_i/dvi2rgb_0/U0/GenerateDebug.ILA_PixClkx/inst/ila_core_inst/u_ila_cap_ctrl/U_NS1/I_YESLUT6.U_SRL32_A due to none static srl address bits
WARNING: [Opt 31-1131] Can not pull register out from hdmi_vga_i/dvi2rgb_0/U0/GenerateDebug.ILA_PixClkx/inst/ila_core_inst/u_ila_cap_ctrl/U_NS1/I_YESLUT6.U_SRL32_B due to none static srl address bits
WARNING: [Opt 31-1131] Can not pull register out from hdmi_vga_i/dvi2rgb_0/U0/GenerateDebug.ILA_PixClkx/inst/ila_core_inst/u_ila_cap_ctrl/U_NS1/I_YESLUT6.U_SRL32_C due to none static srl address bits
WARNING: [Opt 31-1131] Can not pull register out from hdmi_vga_i/dvi2rgb_0/U0/GenerateDebug.ILA_PixClkx/inst/ila_core_inst/u_ila_cap_ctrl/U_NS1/I_YESLUT6.U_SRL32_D due to none static srl address bits
WARNING: [Opt 31-1131] Can not pull register out from hdmi_vga_i/dvi2rgb_0/U0/GenerateDebug.ILA_RefClkx/inst/ila_core_inst/u_ila_cap_ctrl/U_CDONE/I_YESLUT6.U_SRL32_A due to none static srl address bits
WARNING: [Opt 31-1131] Can not pull register out from hdmi_vga_i/dvi2rgb_0/U0/GenerateDebug.ILA_RefClkx/inst/ila_core_inst/u_ila_cap_ctrl/U_CDONE/I_YESLUT6.U_SRL32_B due to none static srl address bits
WARNING: [Opt 31-1131] Can not pull register out from hdmi_vga_i/dvi2rgb_0/U0/GenerateDebug.ILA_RefClkx/inst/ila_core_inst/u_ila_cap_ctrl/U_NS0/I_YESLUT6.U_SRL32_A due to none static srl address bits
WARNING: [Opt 31-1131] Can not pull register out from hdmi_vga_i/dvi2rgb_0/U0/GenerateDebug.ILA_RefClkx/inst/ila_core_inst/u_ila_cap_ctrl/U_NS0/I_YESLUT6.U_SRL32_B due to none static srl address bits
WARNING: [Opt 31-1131] Can not pull register out from hdmi_vga_i/dvi2rgb_0/U0/GenerateDebug.ILA_RefClkx/inst/ila_core_inst/u_ila_cap_ctrl/U_NS0/I_YESLUT6.U_SRL32_C due to none static srl address bits
WARNING: [Opt 31-1131] Can not pull register out from hdmi_vga_i/dvi2rgb_0/U0/GenerateDebug.ILA_RefClkx/inst/ila_core_inst/u_ila_cap_ctrl/U_NS0/I_YESLUT6.U_SRL32_D due to none static srl address bits
WARNING: [Opt 31-1131] Can not pull register out from hdmi_vga_i/dvi2rgb_0/U0/GenerateDebug.ILA_RefClkx/inst/ila_core_inst/u_ila_cap_ctrl/U_NS1/I_YESLUT6.U_SRL32_A due to none static srl address bits
WARNING: [Opt 31-1131] Can not pull register out from hdmi_vga_i/dvi2rgb_0/U0/GenerateDebug.ILA_RefClkx/inst/ila_core_inst/u_ila_cap_ctrl/U_NS1/I_YESLUT6.U_SRL32_B due to none static srl address bits
WARNING: [Opt 31-1131] Can not pull register out from hdmi_vga_i/dvi2rgb_0/U0/GenerateDebug.ILA_RefClkx/inst/ila_core_inst/u_ila_cap_ctrl/U_NS1/I_YESLUT6.U_SRL32_C due to none static srl address bits
WARNING: [Opt 31-1131] Can not pull register out from hdmi_vga_i/dvi2rgb_0/U0/GenerateDebug.ILA_RefClkx/inst/ila_core_inst/u_ila_cap_ctrl/U_NS1/I_YESLUT6.U_SRL32_D due to none static srl address bits
WARNING: [Opt 31-1131] Can not pull register out from hdmi_vga_i/dvi2rgb_0/U0/GenerateDebug.ILA_PixClkx/inst/ila_core_inst/u_ila_cap_ctrl/u_cap_addrgen/U_CMPRESET/I_YESLUT6.U_SRL32_A due to none static srl address bits
WARNING: [Opt 31-1131] Can not pull register out from hdmi_vga_i/dvi2rgb_0/U0/GenerateDebug.ILA_PixClkx/inst/ila_core_inst/u_ila_cap_ctrl/u_cap_addrgen/U_CMPRESET/I_YESLUT6.U_SRL32_B due to none static srl address bits
WARNING: [Opt 31-1131] Can not pull register out from hdmi_vga_i/dvi2rgb_0/U0/GenerateDebug.ILA_RefClkx/inst/ila_core_inst/u_ila_cap_ctrl/u_cap_addrgen/U_CMPRESET/I_YESLUT6.U_SRL32_A due to none static srl address bits
WARNING: [Opt 31-1131] Can not pull register out from hdmi_vga_i/dvi2rgb_0/U0/GenerateDebug.ILA_RefClkx/inst/ila_core_inst/u_ila_cap_ctrl/u_cap_addrgen/U_CMPRESET/I_YESLUT6.U_SRL32_B due to none static srl address bits
WARNING: [Opt 31-1131] Can not pull register out from hdmi_vga_i/dvi2rgb_0/U0/GenerateDebug.ILA_PixClkx/inst/ila_core_inst/u_ila_cap_ctrl/u_cap_addrgen/u_cap_window_counter/U_WCE/I_YESLUT6.U_SRLC16E due to none static srl address bits
WARNING: [Opt 31-1131] Can not pull register out from hdmi_vga_i/dvi2rgb_0/U0/GenerateDebug.ILA_PixClkx/inst/ila_core_inst/u_ila_cap_ctrl/u_cap_addrgen/u_cap_window_counter/U_WHCMPCE/I_YESLUT6.U_SRL32 due to none static srl address bits
WARNING: [Opt 31-1131] Can not pull register out from hdmi_vga_i/dvi2rgb_0/U0/GenerateDebug.ILA_PixClkx/inst/ila_core_inst/u_ila_cap_ctrl/u_cap_addrgen/u_cap_window_counter/U_WLCMPCE/I_YESLUT6.U_SRL32 due to none static srl address bits
WARNING: [Opt 31-1131] Can not pull register out from hdmi_vga_i/dvi2rgb_0/U0/GenerateDebug.ILA_PixClkx/inst/ila_core_inst/u_ila_cap_ctrl/u_cap_addrgen/u_cap_sample_counter/U_SCE/I_YESLUT6.U_SRLC16E due to none static srl address bits
WARNING: [Opt 31-1131] Can not pull register out from hdmi_vga_i/dvi2rgb_0/U0/GenerateDebug.ILA_PixClkx/inst/ila_core_inst/u_ila_cap_ctrl/u_cap_addrgen/u_cap_sample_counter/U_SCMPCE/I_YESLUT6.U_SRL32 due to none static srl address bits
WARNING: [Opt 31-1131] Can not pull register out from hdmi_vga_i/dvi2rgb_0/U0/GenerateDebug.ILA_PixClkx/inst/ila_core_inst/u_ila_cap_ctrl/u_cap_addrgen/u_cap_sample_counter/U_SCRST/I_YESLUT6.U_SRL32_A due to none static srl address bits
WARNING: [Opt 31-1131] Can not pull register out from hdmi_vga_i/dvi2rgb_0/U0/GenerateDebug.ILA_PixClkx/inst/ila_core_inst/u_ila_cap_ctrl/u_cap_addrgen/u_cap_sample_counter/U_SCRST/I_YESLUT6.U_SRL32_B due to none static srl address bits
WARNING: [Opt 31-1131] Can not pull register out from hdmi_vga_i/dvi2rgb_0/U0/GenerateDebug.ILA_RefClkx/inst/ila_core_inst/u_ila_cap_ctrl/u_cap_addrgen/u_cap_window_counter/U_WCE/I_YESLUT6.U_SRLC16E due to none static srl address bits
WARNING: [Opt 31-1131] Can not pull register out from hdmi_vga_i/dvi2rgb_0/U0/GenerateDebug.ILA_RefClkx/inst/ila_core_inst/u_ila_cap_ctrl/u_cap_addrgen/u_cap_window_counter/U_WHCMPCE/I_YESLUT6.U_SRL32 due to none static srl address bits
WARNING: [Opt 31-1131] Can not pull register out from hdmi_vga_i/dvi2rgb_0/U0/GenerateDebug.ILA_RefClkx/inst/ila_core_inst/u_ila_cap_ctrl/u_cap_addrgen/u_cap_window_counter/U_WLCMPCE/I_YESLUT6.U_SRL32 due to none static srl address bits
WARNING: [Opt 31-1131] Can not pull register out from hdmi_vga_i/dvi2rgb_0/U0/GenerateDebug.ILA_RefClkx/inst/ila_core_inst/u_ila_cap_ctrl/u_cap_addrgen/u_cap_sample_counter/U_SCE/I_YESLUT6.U_SRLC16E due to none static srl address bits
WARNING: [Opt 31-1131] Can not pull register out from hdmi_vga_i/dvi2rgb_0/U0/GenerateDebug.ILA_RefClkx/inst/ila_core_inst/u_ila_cap_ctrl/u_cap_addrgen/u_cap_sample_counter/U_SCMPCE/I_YESLUT6.U_SRL32 due to none static srl address bits
WARNING: [Opt 31-1131] Can not pull register out from hdmi_vga_i/dvi2rgb_0/U0/GenerateDebug.ILA_RefClkx/inst/ila_core_inst/u_ila_cap_ctrl/u_cap_addrgen/u_cap_sample_counter/U_SCRST/I_YESLUT6.U_SRL32_A due to none static srl address bits
WARNING: [Opt 31-1131] Can not pull register out from hdmi_vga_i/dvi2rgb_0/U0/GenerateDebug.ILA_RefClkx/inst/ila_core_inst/u_ila_cap_ctrl/u_cap_addrgen/u_cap_sample_counter/U_SCRST/I_YESLUT6.U_SRL32_B due to none static srl address bits
INFO: [Opt 31-1064] SRL Remap converted 0 SRLs to 0 registers and converted 0 registers of register chains to 0 SRLs
Phase 7 Shift Register Optimization | Checksum: 288d106a6

Time (s): cpu = 00:00:01 ; elapsed = 00:00:14 . Memory (MB): peak = 2106.188 ; gain = 20.949
Shift Register Optimization | Checksum: 288d106a6
INFO: [Opt 31-389] Phase Shift Register Optimization created 0 cells and removed 0 cells

Phase 8 Post Processing Netlist
Phase 8 Post Processing Netlist | Checksum: 288d106a6

Time (s): cpu = 00:00:01 ; elapsed = 00:00:14 . Memory (MB): peak = 2106.188 ; gain = 20.949
Post Processing Netlist | Checksum: 288d106a6
INFO: [Opt 31-389] Phase Post Processing Netlist created 0 cells and removed 0 cells
INFO: [Opt 31-1021] In phase Post Processing Netlist, 58 netlist objects are constrained preventing optimization. Please run opt_design with -debug_log to get more detail. 

Phase 9 Finalization

Phase 9.1 Finalizing Design Cores and Updating Shapes
Phase 9.1 Finalizing Design Cores and Updating Shapes | Checksum: 2420c74bb

Time (s): cpu = 00:00:01 ; elapsed = 00:00:14 . Memory (MB): peak = 2106.188 ; gain = 20.949

Phase 9.2 Verifying Netlist Connectivity

Starting Connectivity Check Task

Time (s): cpu = 00:00:00 ; elapsed = 00:00:00.006 . Memory (MB): peak = 2106.188 ; gain = 0.000
Phase 9.2 Verifying Netlist Connectivity | Checksum: 2420c74bb

Time (s): cpu = 00:00:01 ; elapsed = 00:00:14 . Memory (MB): peak = 2106.188 ; gain = 20.949
Phase 9 Finalization | Checksum: 2420c74bb

Time (s): cpu = 00:00:01 ; elapsed = 00:00:14 . Memory (MB): peak = 2106.188 ; gain = 20.949
Opt_design Change Summary
=========================


-------------------------------------------------------------------------------------------------------------------------
|  Phase                        |  #Cells created  |  #Cells Removed  |  #Constrained objects preventing optimizations  |
-------------------------------------------------------------------------------------------------------------------------
|  Retarget                     |              11  |              22  |                                             85  |
|  Constant propagation         |               0  |              32  |                                             50  |
|  Sweep                        |               0  |             131  |                                           1316  |
|  BUFG optimization            |               0  |               0  |                                              0  |
|  Shift Register Optimization  |               0  |               0  |                                              0  |
|  Post Processing Netlist      |               0  |               0  |                                             58  |
-------------------------------------------------------------------------------------------------------------------------


Ending Logic Optimization Task | Checksum: 2420c74bb

Time (s): cpu = 00:00:01 ; elapsed = 00:00:14 . Memory (MB): peak = 2106.188 ; gain = 20.949
INFO: [Constraints 18-11670] Building netlist checker database with flags, 0x8
Done building netlist checker database: Time (s): cpu = 00:00:00 ; elapsed = 00:00:00.002 . Memory (MB): peak = 2106.188 ; gain = 0.000

Starting Power Optimization Task
INFO: [Pwropt 34-132] Skipping clock gating for clocks with a period < 2.00 ns.
INFO: [Pwropt 34-9] Applying IDT optimizations ...
INFO: [Pwropt 34-10] Applying ODC optimizations ...
INFO: [Timing 38-35] Done setting XDC timing constraints.
Running Vector-less Activity Propagation...

Finished Running Vector-less Activity Propagation


Starting PowerOpt Patch Enables Task
INFO: [Pwropt 34-162] WRITE_MODE attribute of 2 BRAM(s) out of a total of 3 has been updated to save power. Run report_power_opt to get a complete listing of the BRAMs updated.
INFO: [Pwropt 34-201] Structural ODC has moved 0 WE to EN ports
Number of BRAM Ports augmented: 3 newly gated: 0 Total Ports: 6
Ending PowerOpt Patch Enables Task | Checksum: 210751363

Time (s): cpu = 00:00:00 ; elapsed = 00:00:00.026 . Memory (MB): peak = 2210.711 ; gain = 0.000
Ending Power Optimization Task | Checksum: 210751363

Time (s): cpu = 00:00:01 ; elapsed = 00:00:01 . Memory (MB): peak = 2210.711 ; gain = 104.523

Starting Final Cleanup Task
Ending Final Cleanup Task | Checksum: 210751363

Time (s): cpu = 00:00:00 ; elapsed = 00:00:00.001 . Memory (MB): peak = 2210.711 ; gain = 0.000

Starting Netlist Obfuscation Task
Netlist sorting complete. Time (s): cpu = 00:00:00 ; elapsed = 00:00:00.004 . Memory (MB): peak = 2210.711 ; gain = 0.000
Ending Netlist Obfuscation Task | Checksum: 1f62315cf

Time (s): cpu = 00:00:00 ; elapsed = 00:00:00.004 . Memory (MB): peak = 2210.711 ; gain = 0.000
INFO: [Common 17-83] Releasing license: Implementation
56 Infos, 42 Warnings, 5 Critical Warnings and 0 Errors encountered.
opt_design completed successfully
opt_design: Time (s): cpu = 00:00:03 ; elapsed = 00:00:18 . Memory (MB): peak = 2210.711 ; gain = 522.730
INFO: [runtcl-4] Executing : report_drc -file hdmi_vga_wrapper_drc_opted.rpt -pb hdmi_vga_wrapper_drc_opted.pb -rpx hdmi_vga_wrapper_drc_opted.rpx
Command: report_drc -file hdmi_vga_wrapper_drc_opted.rpt -pb hdmi_vga_wrapper_drc_opted.pb -rpx hdmi_vga_wrapper_drc_opted.rpx
INFO: [IP_Flow 19-1839] IP Catalog is up to date.
INFO: [DRC 23-27] Running DRC with 2 threads
INFO: [Vivado_Tcl 2-168] The results of DRC are in file C:/Users/User/Documents/studia/sem6/reconfigurable-systems/visual_track/hdmi_vga_zybo/hdmi_vga_zybo.runs/impl_1/hdmi_vga_wrapper_drc_opted.rpt.
report_drc completed successfully
INFO: [Timing 38-35] Done setting XDC timing constraints.
INFO: [Timing 38-480] Writing timing data to binary archive.
Wrote PlaceDB: Time (s): cpu = 00:00:00 ; elapsed = 00:00:00.001 . Memory (MB): peak = 2210.711 ; gain = 0.000
Wrote PulsedLatchDB: Time (s): cpu = 00:00:00 ; elapsed = 00:00:00 . Memory (MB): peak = 2210.711 ; gain = 0.000
Writing XDEF routing.
Write ShapeDB Complete: Time (s): cpu = 00:00:00 ; elapsed = 00:00:00.008 . Memory (MB): peak = 2210.711 ; gain = 0.000
Writing XDEF routing logical nets.
Writing XDEF routing special nets.
Wrote RouteStorage: Time (s): cpu = 00:00:00 ; elapsed = 00:00:00.021 . Memory (MB): peak = 2210.711 ; gain = 0.000
Wrote Netlist Cache: Time (s): cpu = 00:00:00 ; elapsed = 00:00:00 . Memory (MB): peak = 2210.711 ; gain = 0.000
Wrote Device Cache: Time (s): cpu = 00:00:00 ; elapsed = 00:00:00.004 . Memory (MB): peak = 2210.711 ; gain = 0.000
Write Physdb Complete: Time (s): cpu = 00:00:00 ; elapsed = 00:00:00.031 . Memory (MB): peak = 2210.711 ; gain = 0.000
INFO: [Common 17-1381] The checkpoint 'C:/Users/User/Documents/studia/sem6/reconfigurable-systems/visual_track/hdmi_vga_zybo/hdmi_vga_zybo.runs/impl_1/hdmi_vga_wrapper_opt.dcp' has been generated.
INFO: [Chipscope 16-240] Debug cores have already been implemented
Command: place_design
Attempting to get a license for feature 'Implementation' and/or device 'xc7z010'
INFO: [Common 17-349] Got license for feature 'Implementation' and/or device 'xc7z010'
INFO: [Common 17-83] Releasing license: Implementation
INFO: [DRC 23-27] Running DRC with 2 threads
INFO: [Vivado_Tcl 4-198] DRC finished with 0 Errors
INFO: [Vivado_Tcl 4-199] Please refer to the DRC report (report_drc) for more information.
Running DRC as a precondition to command place_design
INFO: [DRC 23-27] Running DRC with 2 threads
INFO: [Vivado_Tcl 4-198] DRC finished with 0 Errors
INFO: [Vivado_Tcl 4-199] Please refer to the DRC report (report_drc) for more information.
INFO: [Place 30-611] Multithreading enabled for place_design using a maximum of 2 CPUs

Starting Placer Task

Phase 1 Placer Initialization

Phase 1.1 Placer Initialization Netlist Sorting
Netlist sorting complete. Time (s): cpu = 00:00:00 ; elapsed = 00:00:00.004 . Memory (MB): peak = 2210.711 ; gain = 0.000
Phase 1.1 Placer Initialization Netlist Sorting | Checksum: 15aeaec9e

Time (s): cpu = 00:00:00 ; elapsed = 00:00:00.005 . Memory (MB): peak = 2210.711 ; gain = 0.000
Netlist sorting complete. Time (s): cpu = 00:00:00 ; elapsed = 00:00:00.004 . Memory (MB): peak = 2210.711 ; gain = 0.000

Phase 1.2 IO Placement/ Clock Placement/ Build Placer Device
Phase 1.2 IO Placement/ Clock Placement/ Build Placer Device | Checksum: 19ff15631

Time (s): cpu = 00:00:00 ; elapsed = 00:00:00.452 . Memory (MB): peak = 2210.711 ; gain = 0.000

Phase 1.3 Build Placer Netlist Model
Phase 1.3 Build Placer Netlist Model | Checksum: 27aa0165d

Time (s): cpu = 00:00:00 ; elapsed = 00:00:01 . Memory (MB): peak = 2210.711 ; gain = 0.000

Phase 1.4 Constrain Clocks/Macros
Phase 1.4 Constrain Clocks/Macros | Checksum: 27aa0165d

Time (s): cpu = 00:00:00 ; elapsed = 00:00:01 . Memory (MB): peak = 2210.711 ; gain = 0.000
Phase 1 Placer Initialization | Checksum: 27aa0165d

Time (s): cpu = 00:00:00 ; elapsed = 00:00:01 . Memory (MB): peak = 2210.711 ; gain = 0.000

Phase 2 Global Placement

Phase 2.1 Floorplanning
Phase 2.1 Floorplanning | Checksum: 2414770a8

Time (s): cpu = 00:00:00 ; elapsed = 00:00:01 . Memory (MB): peak = 2210.711 ; gain = 0.000

Phase 2.2 Update Timing before SLR Path Opt
Phase 2.2 Update Timing before SLR Path Opt | Checksum: 288722f37

Time (s): cpu = 00:00:00 ; elapsed = 00:00:01 . Memory (MB): peak = 2210.711 ; gain = 0.000

Phase 2.3 Post-Processing in Floorplanning
Phase 2.3 Post-Processing in Floorplanning | Checksum: 288722f37

Time (s): cpu = 00:00:00 ; elapsed = 00:00:01 . Memory (MB): peak = 2210.711 ; gain = 0.000

Phase 2.4 Global Placement Core

Phase 2.4.1 UpdateTiming Before Physical Synthesis
Phase 2.4.1 UpdateTiming Before Physical Synthesis | Checksum: 1aeafb315

Time (s): cpu = 00:00:02 ; elapsed = 00:00:03 . Memory (MB): peak = 2210.711 ; gain = 0.000

Phase 2.4.2 Physical Synthesis In Placer
INFO: [Physopt 32-1035] Found 3 LUTNM shape to break, 228 LUT instances to create LUTNM shape
INFO: [Physopt 32-1044] Break lutnm for timing: one critical 3, two critical 0, total 3, new lutff created 0
INFO: [Physopt 32-1138] End 1 Pass. Optimized 105 nets or LUTs. Breaked 3 LUTs, combined 102 existing LUTs and moved 0 existing LUT
INFO: [Physopt 32-65] No nets found for high-fanout optimization.
INFO: [Physopt 32-232] Optimized 0 net. Created 0 new instance.
INFO: [Physopt 32-775] End 1 Pass. Optimized 0 net or cell. Created 0 new cell, deleted 0 existing cell and moved 0 existing cell
INFO: [Physopt 32-456] No candidate cells for DSP register optimization found in the design.
INFO: [Physopt 32-775] End 2 Pass. Optimized 0 net or cell. Created 0 new cell, deleted 0 existing cell and moved 0 existing cell
INFO: [Physopt 32-1123] No candidate cells found for Shift Register to Pipeline optimization
INFO: [Physopt 32-775] End 2 Pass. Optimized 0 net or cell. Created 0 new cell, deleted 0 existing cell and moved 0 existing cell
INFO: [Physopt 32-1401] No candidate cells found for Shift Register optimization.
INFO: [Physopt 32-677] No candidate cells for Shift Register optimization found in the design
INFO: [Physopt 32-775] End 1 Pass. Optimized 0 net or cell. Created 0 new cell, deleted 0 existing cell and moved 0 existing cell
INFO: [Physopt 32-526] No candidate cells for BRAM register optimization found in the design
INFO: [Physopt 32-775] End 1 Pass. Optimized 0 net or cell. Created 0 new cell, deleted 0 existing cell and moved 0 existing cell
INFO: [Physopt 32-846] No candidate cells for URAM register optimization found in the design
INFO: [Physopt 32-775] End 1 Pass. Optimized 0 net or cell. Created 0 new cell, deleted 0 existing cell and moved 0 existing cell
INFO: [Physopt 32-846] No candidate cells for URAM register optimization found in the design
INFO: [Physopt 32-775] End 1 Pass. Optimized 0 net or cell. Created 0 new cell, deleted 0 existing cell and moved 0 existing cell
INFO: [Physopt 32-949] No candidate nets found for dynamic/static region interface net replication
INFO: [Physopt 32-775] End 1 Pass. Optimized 0 net or cell. Created 0 new cell, deleted 0 existing cell and moved 0 existing cell
Netlist sorting complete. Time (s): cpu = 00:00:00 ; elapsed = 00:00:00.003 . Memory (MB): peak = 2210.711 ; gain = 0.000

Summary of Physical Synthesis Optimizations
============================================


-----------------------------------------------------------------------------------------------------------------------------------------------------------
|  Optimization                                     |  Added Cells  |  Removed Cells  |  Optimized Cells/Nets  |  Dont Touch  |  Iterations  |  Elapsed   |
-----------------------------------------------------------------------------------------------------------------------------------------------------------
|  LUT Combining                                    |            3  |            102  |                   105  |           0  |           1  |  00:00:00  |
|  Retime                                           |            0  |              0  |                     0  |           0  |           1  |  00:00:00  |
|  Very High Fanout                                 |            0  |              0  |                     0  |           0  |           1  |  00:00:00  |
|  DSP Register                                     |            0  |              0  |                     0  |           0  |           1  |  00:00:00  |
|  Shift Register to Pipeline                       |            0  |              0  |                     0  |           0  |           1  |  00:00:00  |
|  Shift Register                                   |            0  |              0  |                     0  |           0  |           1  |  00:00:00  |
|  BRAM Register                                    |            0  |              0  |                     0  |           0  |           1  |  00:00:00  |
|  URAM Register                                    |            0  |              0  |                     0  |           0  |           1  |  00:00:00  |
|  Dynamic/Static Region Interface Net Replication  |            0  |              0  |                     0  |           0  |           1  |  00:00:00  |
|  Total                                            |            3  |            102  |                   105  |           0  |           9  |  00:00:00  |
-----------------------------------------------------------------------------------------------------------------------------------------------------------


Phase 2.4.2 Physical Synthesis In Placer | Checksum: 15cb2afbe

Time (s): cpu = 00:00:02 ; elapsed = 00:00:04 . Memory (MB): peak = 2210.711 ; gain = 0.000
Phase 2.4 Global Placement Core | Checksum: 24f3eee1b

Time (s): cpu = 00:00:02 ; elapsed = 00:00:04 . Memory (MB): peak = 2210.711 ; gain = 0.000
Phase 2 Global Placement | Checksum: 24f3eee1b

Time (s): cpu = 00:00:02 ; elapsed = 00:00:04 . Memory (MB): peak = 2210.711 ; gain = 0.000

Phase 3 Detail Placement

Phase 3.1 Commit Multi Column Macros
Phase 3.1 Commit Multi Column Macros | Checksum: 287f007be

Time (s): cpu = 00:00:02 ; elapsed = 00:00:04 . Memory (MB): peak = 2210.711 ; gain = 0.000

Phase 3.2 Commit Most Macros & LUTRAMs
Phase 3.2 Commit Most Macros & LUTRAMs | Checksum: 294970301

Time (s): cpu = 00:00:02 ; elapsed = 00:00:04 . Memory (MB): peak = 2210.711 ; gain = 0.000

Phase 3.3 Area Swap Optimization
Phase 3.3 Area Swap Optimization | Checksum: 24f789fec

Time (s): cpu = 00:00:02 ; elapsed = 00:00:04 . Memory (MB): peak = 2210.711 ; gain = 0.000

Phase 3.4 Pipeline Register Optimization
Phase 3.4 Pipeline Register Optimization | Checksum: 27d40b1fc

Time (s): cpu = 00:00:02 ; elapsed = 00:00:04 . Memory (MB): peak = 2210.711 ; gain = 0.000

Phase 3.5 Fast Optimization
Phase 3.5 Fast Optimization | Checksum: 293e59ecf

Time (s): cpu = 00:00:02 ; elapsed = 00:00:05 . Memory (MB): peak = 2210.711 ; gain = 0.000

Phase 3.6 Small Shape Detail Placement

Phase 3.6.1 Place Remaining
Phase 3.6.1 Place Remaining | Checksum: 14382cc12

Time (s): cpu = 00:00:02 ; elapsed = 00:00:06 . Memory (MB): peak = 2210.711 ; gain = 0.000
Phase 3.6 Small Shape Detail Placement | Checksum: 14382cc12

Time (s): cpu = 00:00:02 ; elapsed = 00:00:06 . Memory (MB): peak = 2210.711 ; gain = 0.000

Phase 3.7 Re-assign LUT pins
Phase 3.7 Re-assign LUT pins | Checksum: 10881d520

Time (s): cpu = 00:00:02 ; elapsed = 00:00:06 . Memory (MB): peak = 2210.711 ; gain = 0.000

Phase 3.8 Pipeline Register Optimization
Phase 3.8 Pipeline Register Optimization | Checksum: 121fc643a

Time (s): cpu = 00:00:02 ; elapsed = 00:00:06 . Memory (MB): peak = 2210.711 ; gain = 0.000

Phase 3.9 Fast Optimization
Phase 3.9 Fast Optimization | Checksum: 12106c951

Time (s): cpu = 00:00:03 ; elapsed = 00:00:07 . Memory (MB): peak = 2210.711 ; gain = 0.000
Phase 3 Detail Placement | Checksum: 12106c951

Time (s): cpu = 00:00:03 ; elapsed = 00:00:07 . Memory (MB): peak = 2210.711 ; gain = 0.000

Phase 4 Post Placement Optimization and Clean-Up

Phase 4.1 Post Commit Optimization
INFO: [Timing 38-35] Done setting XDC timing constraints.

Phase 4.1.1 Post Placement Optimization
Post Placement Optimization Initialization | Checksum: 1e44fc969

Phase 4.1.1.1 BUFG Insertion

Starting Physical Synthesis Task

Phase 1 Physical Synthesis Initialization
INFO: [Physopt 32-721] Multithreading enabled for phys_opt_design using a maximum of 2 CPUs
INFO: [Physopt 32-619] Estimated Timing Summary | WNS=-0.259 | TNS=-0.603 |
Phase 1 Physical Synthesis Initialization | Checksum: 189619a76

Time (s): cpu = 00:00:01 ; elapsed = 00:00:00.243 . Memory (MB): peak = 2210.711 ; gain = 0.000
INFO: [Place 46-56] BUFG insertion identified 0 candidate nets. Inserted BUFG: 0, Replicated BUFG Driver: 0, Skipped due to Placement/Routing Conflicts: 0, Skipped due to Timing Degradation: 0, Skipped due to netlist editing failed: 0.
Ending Physical Synthesis Task | Checksum: 189619a76

Time (s): cpu = 00:00:01 ; elapsed = 00:00:00.280 . Memory (MB): peak = 2210.711 ; gain = 0.000
Phase 4.1.1.1 BUFG Insertion | Checksum: 1e44fc969

Time (s): cpu = 00:00:04 ; elapsed = 00:00:08 . Memory (MB): peak = 2210.711 ; gain = 0.000

Phase 4.1.1.2 Post Placement Timing Optimization
INFO: [Place 30-746] Post Placement Timing Summary WNS=0.233. For the most accurate timing information please run report_timing.
Phase 4.1.1.2 Post Placement Timing Optimization | Checksum: 10dc96ecb

Time (s): cpu = 00:00:05 ; elapsed = 00:00:12 . Memory (MB): peak = 2210.711 ; gain = 0.000

Time (s): cpu = 00:00:05 ; elapsed = 00:00:12 . Memory (MB): peak = 2210.711 ; gain = 0.000
Phase 4.1 Post Commit Optimization | Checksum: 10dc96ecb

Time (s): cpu = 00:00:05 ; elapsed = 00:00:12 . Memory (MB): peak = 2210.711 ; gain = 0.000

Phase 4.2 Post Placement Cleanup
Phase 4.2 Post Placement Cleanup | Checksum: 10dc96ecb

Time (s): cpu = 00:00:05 ; elapsed = 00:00:12 . Memory (MB): peak = 2210.711 ; gain = 0.000

Phase 4.3 Placer Reporting

Phase 4.3.1 Print Estimated Congestion
INFO: [Place 30-612] Post-Placement Estimated Congestion 
 ____________________________________________________
|           | Global Congestion | Short Congestion  |
| Direction | Region Size       | Region Size       |
|___________|___________________|___________________|
|      North|                1x1|                1x1|
|___________|___________________|___________________|
|      South|                1x1|                1x1|
|___________|___________________|___________________|
|       East|                1x1|                1x1|
|___________|___________________|___________________|
|       West|                1x1|                1x1|
|___________|___________________|___________________|

Phase 4.3.1 Print Estimated Congestion | Checksum: 10dc96ecb

Time (s): cpu = 00:00:05 ; elapsed = 00:00:12 . Memory (MB): peak = 2210.711 ; gain = 0.000
Phase 4.3 Placer Reporting | Checksum: 10dc96ecb

Time (s): cpu = 00:00:05 ; elapsed = 00:00:12 . Memory (MB): peak = 2210.711 ; gain = 0.000

Phase 4.4 Final Placement Cleanup
Netlist sorting complete. Time (s): cpu = 00:00:00 ; elapsed = 00:00:00.004 . Memory (MB): peak = 2210.711 ; gain = 0.000

Time (s): cpu = 00:00:05 ; elapsed = 00:00:12 . Memory (MB): peak = 2210.711 ; gain = 0.000
Phase 4 Post Placement Optimization and Clean-Up | Checksum: a99cd08d

Time (s): cpu = 00:00:05 ; elapsed = 00:00:12 . Memory (MB): peak = 2210.711 ; gain = 0.000
Ending Placer Task | Checksum: 6c859ec7

Time (s): cpu = 00:00:05 ; elapsed = 00:00:12 . Memory (MB): peak = 2210.711 ; gain = 0.000
100 Infos, 42 Warnings, 5 Critical Warnings and 0 Errors encountered.
place_design completed successfully
place_design: Time (s): cpu = 00:00:06 ; elapsed = 00:00:13 . Memory (MB): peak = 2210.711 ; gain = 0.000
INFO: [runtcl-4] Executing : report_io -file hdmi_vga_wrapper_io_placed.rpt
report_io: Time (s): cpu = 00:00:00 ; elapsed = 00:00:00.032 . Memory (MB): peak = 2210.711 ; gain = 0.000
INFO: [runtcl-4] Executing : report_utilization -file hdmi_vga_wrapper_utilization_placed.rpt -pb hdmi_vga_wrapper_utilization_placed.pb
INFO: [runtcl-4] Executing : report_control_sets -verbose -file hdmi_vga_wrapper_control_sets_placed.rpt
report_control_sets: Time (s): cpu = 00:00:00 ; elapsed = 00:00:00.015 . Memory (MB): peak = 2210.711 ; gain = 0.000
INFO: [Timing 38-480] Writing timing data to binary archive.
Write ShapeDB Complete: Time (s): cpu = 00:00:00 ; elapsed = 00:00:00.012 . Memory (MB): peak = 2210.711 ; gain = 0.000
Wrote PlaceDB: Time (s): cpu = 00:00:01 ; elapsed = 00:00:00.287 . Memory (MB): peak = 2210.711 ; gain = 0.000
Wrote PulsedLatchDB: Time (s): cpu = 00:00:00 ; elapsed = 00:00:00 . Memory (MB): peak = 2210.711 ; gain = 0.000
Writing XDEF routing.
Writing XDEF routing logical nets.
Writing XDEF routing special nets.
Wrote RouteStorage: Time (s): cpu = 00:00:00 ; elapsed = 00:00:00.019 . Memory (MB): peak = 2210.711 ; gain = 0.000
Wrote Netlist Cache: Time (s): cpu = 00:00:00 ; elapsed = 00:00:00.005 . Memory (MB): peak = 2210.711 ; gain = 0.000
Wrote Device Cache: Time (s): cpu = 00:00:00 ; elapsed = 00:00:00.005 . Memory (MB): peak = 2210.711 ; gain = 0.000
Write Physdb Complete: Time (s): cpu = 00:00:01 ; elapsed = 00:00:00.330 . Memory (MB): peak = 2210.711 ; gain = 0.000
INFO: [Common 17-1381] The checkpoint 'C:/Users/User/Documents/studia/sem6/reconfigurable-systems/visual_track/hdmi_vga_zybo/hdmi_vga_zybo.runs/impl_1/hdmi_vga_wrapper_placed.dcp' has been generated.
Command: phys_opt_design
Attempting to get a license for feature 'Implementation' and/or device 'xc7z010'
INFO: [Common 17-349] Got license for feature 'Implementation' and/or device 'xc7z010'

Starting Initial Update Timing Task

Time (s): cpu = 00:00:00 ; elapsed = 00:00:00.691 . Memory (MB): peak = 2210.711 ; gain = 0.000
INFO: [Vivado_Tcl 4-383] Design worst setup slack (WNS) is greater than or equal to 0.000 ns. Skipping all physical synthesis optimizations.
INFO: [Vivado_Tcl 4-232] No setup violation found. The netlist was not modified.
INFO: [Common 17-83] Releasing license: Implementation
109 Infos, 42 Warnings, 5 Critical Warnings and 0 Errors encountered.
phys_opt_design completed successfully
INFO: [Timing 38-480] Writing timing data to binary archive.
Write ShapeDB Complete: Time (s): cpu = 00:00:00 ; elapsed = 00:00:00.012 . Memory (MB): peak = 2210.711 ; gain = 0.000
Wrote PlaceDB: Time (s): cpu = 00:00:01 ; elapsed = 00:00:00.291 . Memory (MB): peak = 2210.711 ; gain = 0.000
Wrote PulsedLatchDB: Time (s): cpu = 00:00:00 ; elapsed = 00:00:00 . Memory (MB): peak = 2210.711 ; gain = 0.000
Writing XDEF routing.
Writing XDEF routing logical nets.
Writing XDEF routing special nets.
Wrote RouteStorage: Time (s): cpu = 00:00:00 ; elapsed = 00:00:00.019 . Memory (MB): peak = 2210.711 ; gain = 0.000
Wrote Netlist Cache: Time (s): cpu = 00:00:00 ; elapsed = 00:00:00.005 . Memory (MB): peak = 2210.711 ; gain = 0.000
Wrote Device Cache: Time (s): cpu = 00:00:00 ; elapsed = 00:00:00.005 . Memory (MB): peak = 2210.711 ; gain = 0.000
Write Physdb Complete: Time (s): cpu = 00:00:01 ; elapsed = 00:00:00.333 . Memory (MB): peak = 2210.711 ; gain = 0.000
INFO: [Common 17-1381] The checkpoint 'C:/Users/User/Documents/studia/sem6/reconfigurable-systems/visual_track/hdmi_vga_zybo/hdmi_vga_zybo.runs/impl_1/hdmi_vga_wrapper_physopt.dcp' has been generated.
Command: route_design
Attempting to get a license for feature 'Implementation' and/or device 'xc7z010'
INFO: [Common 17-349] Got license for feature 'Implementation' and/or device 'xc7z010'
Running DRC as a precondition to command route_design
INFO: [DRC 23-27] Running DRC with 2 threads
INFO: [Vivado_Tcl 4-198] DRC finished with 0 Errors
INFO: [Vivado_Tcl 4-199] Please refer to the DRC report (report_drc) for more information.


Starting Routing Task
INFO: [Route 35-254] Multithreading enabled for route_design using a maximum of 8 CPUs

Phase 1 Build RT Design
Checksum: PlaceDB: 168b01d9 ConstDB: 0 ShapeSum: 55fa9cee RouteDB: 0
Post Restoration Checksum: NetGraph: f494ab0f | NumContArr: b679226 | Constraints: c2a8fa9d | Timing: c2a8fa9d
Phase 1 Build RT Design | Checksum: 2854e326f

Time (s): cpu = 00:00:04 ; elapsed = 00:00:08 . Memory (MB): peak = 2271.285 ; gain = 60.574

Phase 2 Router Initialization

Phase 2.1 Fix Topology Constraints
Phase 2.1 Fix Topology Constraints | Checksum: 2854e326f

Time (s): cpu = 00:00:04 ; elapsed = 00:00:08 . Memory (MB): peak = 2271.285 ; gain = 60.574

Phase 2.2 Pre Route Cleanup
Phase 2.2 Pre Route Cleanup | Checksum: 2854e326f

Time (s): cpu = 00:00:04 ; elapsed = 00:00:08 . Memory (MB): peak = 2271.285 ; gain = 60.574
 Number of Nodes with overlaps = 0

Phase 2.3 Update Timing
Phase 2.3 Update Timing | Checksum: 30669fcc2

Time (s): cpu = 00:00:04 ; elapsed = 00:00:09 . Memory (MB): peak = 2277.289 ; gain = 66.578
INFO: [Route 35-416] Intermediate Timing Summary | WNS=0.118  | TNS=0.000  | WHS=-0.269 | THS=-306.027|


Phase 2.4 Update Timing for Bus Skew

Phase 2.4.1 Update Timing
Phase 2.4.1 Update Timing | Checksum: 2bc196edf

Time (s): cpu = 00:00:05 ; elapsed = 00:00:10 . Memory (MB): peak = 2326.539 ; gain = 115.828
INFO: [Route 35-416] Intermediate Timing Summary | WNS=0.118  | TNS=0.000  | WHS=N/A    | THS=N/A    |

Phase 2.4 Update Timing for Bus Skew | Checksum: 31c8d53b1

Time (s): cpu = 00:00:05 ; elapsed = 00:00:10 . Memory (MB): peak = 2334.625 ; gain = 123.914

Router Utilization Summary
  Global Vertical Routing Utilization    = 0.00464527 %
  Global Horizontal Routing Utilization  = 0.00160846 %
  Routable Net Status*
  *Does not include unroutable nets such as driverless and loadless.
  Run report_route_status for detailed report.
  Number of Failed Nets               = 7227
    (Failed Nets is the sum of unrouted and partially routed nets)
  Number of Unrouted Nets             = 7226
  Number of Partially Routed Nets     = 1
  Number of Node Overlaps             = 0

Phase 2 Router Initialization | Checksum: 2aceefed0

Time (s): cpu = 00:00:05 ; elapsed = 00:00:10 . Memory (MB): peak = 2341.066 ; gain = 130.355

Phase 3 Initial Routing

Phase 3.1 Global Routing
Phase 3.1 Global Routing | Checksum: 2aceefed0

Time (s): cpu = 00:00:05 ; elapsed = 00:00:10 . Memory (MB): peak = 2341.066 ; gain = 130.355

Phase 3.2 Initial Net Routing
Phase 3.2 Initial Net Routing | Checksum: 3a11a43d4

Time (s): cpu = 00:00:05 ; elapsed = 00:00:10 . Memory (MB): peak = 2341.113 ; gain = 130.402
Phase 3 Initial Routing | Checksum: 3a11a43d4

Time (s): cpu = 00:00:05 ; elapsed = 00:00:10 . Memory (MB): peak = 2341.113 ; gain = 130.402

Phase 4 Rip-up And Reroute

Phase 4.1 Global Iteration 0
 Number of Nodes with overlaps = 1079
 Number of Nodes with overlaps = 345
 Number of Nodes with overlaps = 164
 Number of Nodes with overlaps = 87
 Number of Nodes with overlaps = 66
 Number of Nodes with overlaps = 30
 Number of Nodes with overlaps = 19
 Number of Nodes with overlaps = 10
 Number of Nodes with overlaps = 3
 Number of Nodes with overlaps = 3
 Number of Nodes with overlaps = 0
INFO: [Route 35-416] Intermediate Timing Summary | WNS=-0.141 | TNS=-0.141 | WHS=N/A    | THS=N/A    |

Phase 4.1 Global Iteration 0 | Checksum: 29992ac00

Time (s): cpu = 00:00:09 ; elapsed = 00:00:17 . Memory (MB): peak = 2342.102 ; gain = 131.391

Phase 4.2 Global Iteration 1
 Number of Nodes with overlaps = 48
 Number of Nodes with overlaps = 41
 Number of Nodes with overlaps = 29
 Number of Nodes with overlaps = 18
 Number of Nodes with overlaps = 6
 Number of Nodes with overlaps = 6
 Number of Nodes with overlaps = 1
 Number of Nodes with overlaps = 0
INFO: [Route 35-416] Intermediate Timing Summary | WNS=-0.141 | TNS=-0.141 | WHS=N/A    | THS=N/A    |

Phase 4.2 Global Iteration 1 | Checksum: 268ce7b61

Time (s): cpu = 00:00:10 ; elapsed = 00:00:19 . Memory (MB): peak = 2342.102 ; gain = 131.391
Phase 4 Rip-up And Reroute | Checksum: 268ce7b61

Time (s): cpu = 00:00:10 ; elapsed = 00:00:19 . Memory (MB): peak = 2342.102 ; gain = 131.391

Phase 5 Delay and Skew Optimization

Phase 5.1 Delay CleanUp

Phase 5.1.1 Update Timing
Phase 5.1.1 Update Timing | Checksum: 2352e7fa0

Time (s): cpu = 00:00:10 ; elapsed = 00:00:19 . Memory (MB): peak = 2342.102 ; gain = 131.391
INFO: [Route 35-416] Intermediate Timing Summary | WNS=-0.026 | TNS=-0.026 | WHS=N/A    | THS=N/A    |

 Number of Nodes with overlaps = 0
Phase 5.1 Delay CleanUp | Checksum: 294a05716

Time (s): cpu = 00:00:10 ; elapsed = 00:00:19 . Memory (MB): peak = 2342.102 ; gain = 131.391

Phase 5.2 Clock Skew Optimization
Phase 5.2 Clock Skew Optimization | Checksum: 294a05716

Time (s): cpu = 00:00:10 ; elapsed = 00:00:19 . Memory (MB): peak = 2342.102 ; gain = 131.391
Phase 5 Delay and Skew Optimization | Checksum: 294a05716

Time (s): cpu = 00:00:10 ; elapsed = 00:00:19 . Memory (MB): peak = 2342.102 ; gain = 131.391

Phase 6 Post Hold Fix

Phase 6.1 Hold Fix Iter

Phase 6.1.1 Update Timing
Phase 6.1.1 Update Timing | Checksum: 1f2769071

Time (s): cpu = 00:00:10 ; elapsed = 00:00:20 . Memory (MB): peak = 2342.102 ; gain = 131.391
INFO: [Route 35-416] Intermediate Timing Summary | WNS=-0.026 | TNS=-0.026 | WHS=0.027  | THS=0.000  |

Phase 6.1 Hold Fix Iter | Checksum: 2b181863b

Time (s): cpu = 00:00:10 ; elapsed = 00:00:20 . Memory (MB): peak = 2342.102 ; gain = 131.391
Phase 6 Post Hold Fix | Checksum: 2b181863b

Time (s): cpu = 00:00:10 ; elapsed = 00:00:20 . Memory (MB): peak = 2342.102 ; gain = 131.391

Phase 7 Route finalize

Router Utilization Summary
  Global Vertical Routing Utilization    = 3.2569 %
  Global Horizontal Routing Utilization  = 3.8773 %
  Routable Net Status*
  *Does not include unroutable nets such as driverless and loadless.
  Run report_route_status for detailed report.
  Number of Failed Nets               = 0
    (Failed Nets is the sum of unrouted and partially routed nets)
  Number of Unrouted Nets             = 0
  Number of Partially Routed Nets     = 0
  Number of Node Overlaps             = 0


--GLOBAL Congestion:
Utilization threshold used for congestion level computation: 0.85
Congestion Report
North Dir 1x1 Area, Max Cong = 45.045%, No Congested Regions.
South Dir 1x1 Area, Max Cong = 60.3604%, No Congested Regions.
East Dir 1x1 Area, Max Cong = 45.5882%, No Congested Regions.
West Dir 1x1 Area, Max Cong = 55.8824%, No Congested Regions.

------------------------------
Reporting congestion hotspots
------------------------------
Direction: North
----------------
Congested clusters found at Level 0
Effective congestion level: 0 Aspect Ratio: 1 Sparse Ratio: 0
Direction: South
----------------
Congested clusters found at Level 0
Effective congestion level: 0 Aspect Ratio: 1 Sparse Ratio: 0
Direction: East
----------------
Congested clusters found at Level 0
Effective congestion level: 0 Aspect Ratio: 1 Sparse Ratio: 0
Direction: West
----------------
Congested clusters found at Level 0
Effective congestion level: 0 Aspect Ratio: 1 Sparse Ratio: 0

Phase 7 Route finalize | Checksum: 2b181863b

Time (s): cpu = 00:00:10 ; elapsed = 00:00:20 . Memory (MB): peak = 2342.102 ; gain = 131.391

Phase 8 Verifying routed nets

 Verification completed successfully
Phase 8 Verifying routed nets | Checksum: 2b181863b

Time (s): cpu = 00:00:10 ; elapsed = 00:00:20 . Memory (MB): peak = 2342.254 ; gain = 131.543

Phase 9 Depositing Routes
Phase 9 Depositing Routes | Checksum: 2d9c2cf6c

Time (s): cpu = 00:00:10 ; elapsed = 00:00:20 . Memory (MB): peak = 2342.254 ; gain = 131.543

Phase 10 Post Router Timing
INFO: [Route 35-57] Estimated Timing Summary | WNS=-0.026 | TNS=-0.026 | WHS=0.027  | THS=0.000  |

WARNING: [Route 35-328] Router estimated timing not met.
Resolution: For a complete and accurate timing signoff, report_timing_summary must be run after route_design. Alternatively, route_design can be run with the -timing_summary option to enable a complete timing signoff at the end of route_design.
Phase 10 Post Router Timing | Checksum: 2d9c2cf6c

Time (s): cpu = 00:00:10 ; elapsed = 00:00:20 . Memory (MB): peak = 2342.254 ; gain = 131.543
INFO: [Route 35-16] Router Completed Successfully

Phase 11 Post-Route Event Processing
Phase 11 Post-Route Event Processing | Checksum: efde8312

Time (s): cpu = 00:00:10 ; elapsed = 00:00:20 . Memory (MB): peak = 2342.254 ; gain = 131.543
Ending Routing Task | Checksum: efde8312

Time (s): cpu = 00:00:10 ; elapsed = 00:00:20 . Memory (MB): peak = 2342.254 ; gain = 131.543

Routing Is Done.
INFO: [Common 17-83] Releasing license: Implementation
125 Infos, 43 Warnings, 5 Critical Warnings and 0 Errors encountered.
route_design completed successfully
route_design: Time (s): cpu = 00:00:11 ; elapsed = 00:00:21 . Memory (MB): peak = 2342.254 ; gain = 131.543
INFO: [runtcl-4] Executing : report_drc -file hdmi_vga_wrapper_drc_routed.rpt -pb hdmi_vga_wrapper_drc_routed.pb -rpx hdmi_vga_wrapper_drc_routed.rpx
Command: report_drc -file hdmi_vga_wrapper_drc_routed.rpt -pb hdmi_vga_wrapper_drc_routed.pb -rpx hdmi_vga_wrapper_drc_routed.rpx
INFO: [IP_Flow 19-1839] IP Catalog is up to date.
INFO: [DRC 23-27] Running DRC with 2 threads
INFO: [Vivado_Tcl 2-168] The results of DRC are in file C:/Users/User/Documents/studia/sem6/reconfigurable-systems/visual_track/hdmi_vga_zybo/hdmi_vga_zybo.runs/impl_1/hdmi_vga_wrapper_drc_routed.rpt.
report_drc completed successfully
INFO: [runtcl-4] Executing : report_methodology -file hdmi_vga_wrapper_methodology_drc_routed.rpt -pb hdmi_vga_wrapper_methodology_drc_routed.pb -rpx hdmi_vga_wrapper_methodology_drc_routed.rpx
Command: report_methodology -file hdmi_vga_wrapper_methodology_drc_routed.rpt -pb hdmi_vga_wrapper_methodology_drc_routed.pb -rpx hdmi_vga_wrapper_methodology_drc_routed.rpx
INFO: [Timing 38-35] Done setting XDC timing constraints.
INFO: [DRC 23-133] Running Methodology with 2 threads
INFO: [Vivado_Tcl 2-1520] The results of Report Methodology are in file C:/Users/User/Documents/studia/sem6/reconfigurable-systems/visual_track/hdmi_vga_zybo/hdmi_vga_zybo.runs/impl_1/hdmi_vga_wrapper_methodology_drc_routed.rpt.
report_methodology completed successfully
INFO: [runtcl-4] Executing : report_power -file hdmi_vga_wrapper_power_routed.rpt -pb hdmi_vga_wrapper_power_summary_routed.pb -rpx hdmi_vga_wrapper_power_routed.rpx
Command: report_power -file hdmi_vga_wrapper_power_routed.rpt -pb hdmi_vga_wrapper_power_summary_routed.pb -rpx hdmi_vga_wrapper_power_routed.rpx
INFO: [Timing 38-35] Done setting XDC timing constraints.
Running Vector-less Activity Propagation...

Finished Running Vector-less Activity Propagation
135 Infos, 43 Warnings, 5 Critical Warnings and 0 Errors encountered.
report_power completed successfully
INFO: [runtcl-4] Executing : report_route_status -file hdmi_vga_wrapper_route_status.rpt -pb hdmi_vga_wrapper_route_status.pb
INFO: [runtcl-4] Executing : report_timing_summary -max_paths 10 -report_unconstrained -file hdmi_vga_wrapper_timing_summary_routed.rpt -pb hdmi_vga_wrapper_timing_summary_routed.pb -rpx hdmi_vga_wrapper_timing_summary_routed.rpx -warn_on_violation 
INFO: [Timing 38-91] UpdateTimingParams: Speed grade: -1, Delay Type: min_max.
INFO: [Timing 38-191] Multithreading enabled for timing update using a maximum of 2 CPUs
WARNING: [Timing 38-436] There are set_bus_skew constraint(s) in this design. Please run report_bus_skew to ensure that bus skew requirements are met.
INFO: [runtcl-4] Executing : report_incremental_reuse -file hdmi_vga_wrapper_incremental_reuse_routed.rpt
INFO: [Vivado_Tcl 4-1062] Incremental flow is disabled. No incremental reuse Info to report.
INFO: [runtcl-4] Executing : report_clock_utilization -file hdmi_vga_wrapper_clock_utilization_routed.rpt
INFO: [runtcl-4] Executing : report_bus_skew -warn_on_violation -file hdmi_vga_wrapper_bus_skew_routed.rpt -pb hdmi_vga_wrapper_bus_skew_routed.pb -rpx hdmi_vga_wrapper_bus_skew_routed.rpx
INFO: [Timing 38-91] UpdateTimingParams: Speed grade: -1, Delay Type: min_max.
INFO: [Timing 38-191] Multithreading enabled for timing update using a maximum of 2 CPUs
INFO: [Timing 38-480] Writing timing data to binary archive.
Write ShapeDB Complete: Time (s): cpu = 00:00:00 ; elapsed = 00:00:00.016 . Memory (MB): peak = 2375.395 ; gain = 15.945
Wrote PlaceDB: Time (s): cpu = 00:00:01 ; elapsed = 00:00:00.298 . Memory (MB): peak = 2375.395 ; gain = 9.988
Wrote PulsedLatchDB: Time (s): cpu = 00:00:00 ; elapsed = 00:00:00 . Memory (MB): peak = 2375.395 ; gain = 0.000
Writing XDEF routing.
Writing XDEF routing logical nets.
Writing XDEF routing special nets.
Wrote RouteStorage: Time (s): cpu = 00:00:00 ; elapsed = 00:00:00.057 . Memory (MB): peak = 2375.395 ; gain = 0.000
Wrote Netlist Cache: Time (s): cpu = 00:00:00 ; elapsed = 00:00:00.004 . Memory (MB): peak = 2375.395 ; gain = 0.000
Wrote Device Cache: Time (s): cpu = 00:00:00 ; elapsed = 00:00:00.005 . Memory (MB): peak = 2375.395 ; gain = 0.000
Write Physdb Complete: Time (s): cpu = 00:00:01 ; elapsed = 00:00:00.370 . Memory (MB): peak = 2375.395 ; gain = 15.945
INFO: [Common 17-1381] The checkpoint 'C:/Users/User/Documents/studia/sem6/reconfigurable-systems/visual_track/hdmi_vga_zybo/hdmi_vga_zybo.runs/impl_1/hdmi_vga_wrapper_routed.dcp' has been generated.
Command: write_bitstream -force hdmi_vga_wrapper.bit
Attempting to get a license for feature 'Implementation' and/or device 'xc7z010'
INFO: [Common 17-349] Got license for feature 'Implementation' and/or device 'xc7z010'
Running DRC as a precondition to command write_bitstream
INFO: [IP_Flow 19-1839] IP Catalog is up to date.
INFO: [DRC 23-27] Running DRC with 2 threads
WARNING: [DRC PDCN-1569] LUT equation term check: Used physical LUT pin 'A1' of cell dbg_hub/inst/BSCANID.u_xsdbm_id/SWITCH_N_EXT_BSCAN.bscan_switch/temp_curid[31]_i_1 (pin dbg_hub/inst/BSCANID.u_xsdbm_id/SWITCH_N_EXT_BSCAN.bscan_switch/temp_curid[31]_i_1/I1) is not included in the LUT equation: 'O5=(A3*A2)+(A3*(~A2)*(~A4))+((~A3))'. If this cell is a user instantiated LUT in the design, please remove connectivity to the pin or change the equation and/or INIT string of the LUT to prevent this issue. If the cell is inferred or IP created LUT, please regenerate the IP and/or resynthesize the design to attempt to correct the issue.
WARNING: [DRC PDCN-1569] LUT equation term check: Used physical LUT pin 'A2' of cell dbg_hub/inst/BSCANID.u_xsdbm_id/SWITCH_N_EXT_BSCAN.id_state[0]_i_1 (pin dbg_hub/inst/BSCANID.u_xsdbm_id/SWITCH_N_EXT_BSCAN.id_state[0]_i_1/I0) is not included in the LUT equation: 'O6=(A6+~A6)*((A5))'. If this cell is a user instantiated LUT in the design, please remove connectivity to the pin or change the equation and/or INIT string of the LUT to prevent this issue. If the cell is inferred or IP created LUT, please regenerate the IP and/or resynthesize the design to attempt to correct the issue.
WARNING: [DRC PDCN-1569] LUT equation term check: Used physical LUT pin 'A5' of cell dbg_hub/inst/BSCANID.u_xsdbm_id/SWITCH_N_EXT_BSCAN.bscan_switch/temp_curid[31]_i_1 (pin dbg_hub/inst/BSCANID.u_xsdbm_id/SWITCH_N_EXT_BSCAN.bscan_switch/temp_curid[31]_i_1/I0) is not included in the LUT equation: 'O5=(A3*A2)+(A3*(~A2)*(~A4))+((~A3))'. If this cell is a user instantiated LUT in the design, please remove connectivity to the pin or change the equation and/or INIT string of the LUT to prevent this issue. If the cell is inferred or IP created LUT, please regenerate the IP and/or resynthesize the design to attempt to correct the issue.
WARNING: [DRC REQP-1571] connects_D: The FDRE cell hdmi_vga_i/rgb2vga_0/U0/vga_pVSync_reg has no driver for the D input pin. To protect against unwanted transitions in all flows, the D input pin is required to have a driver. To resolve this violation, modify the design so that the D input pin has an active signal or constant logic-level tie-off.
WARNING: [DRC RTSTAT-10] No routable loads: 29 net(s) have no routable loads. The problem bus(es) and/or net(s) are dbg_hub/inst/BSCANID.u_xsdbm_id/SWITCH_N_EXT_BSCAN.bscan_inst/TMS, dbg_hub/inst/BSCANID.u_xsdbm_id/CORE_XSDB.UUT_MASTER/U_ICON_INTERFACE/U_CMD6_RD/U_RD_FIFO/SUBCORE_FIFO.xsdbm_v3_0_0_rdfifo_inst/inst_fifo_gen/gconvfifo.rf/grf.rf/gntv_or_sync_fifo.gl0.rd/gr1.gr1_int.rfwft/aempty_fwft_i, dbg_hub/inst/BSCANID.u_xsdbm_id/CORE_XSDB.UUT_MASTER/U_ICON_INTERFACE/U_CMD7_CTL/ctl_reg[2:0], dbg_hub/inst/BSCANID.u_xsdbm_id/CORE_XSDB.UUT_MASTER/U_ICON_INTERFACE/U_CMD7_CTL/ctl_reg_en_2[1], dbg_hub/inst/BSCANID.u_xsdbm_id/CORE_XSDB.UUT_MASTER/U_ICON_INTERFACE/U_CMD1/ctl_reg_en_2[1], dbg_hub/inst/BSCANID.u_xsdbm_id/SWITCH_N_EXT_BSCAN.bscan_switch/m_bscan_capture[0], dbg_hub/inst/BSCANID.u_xsdbm_id/SWITCH_N_EXT_BSCAN.bscan_switch/m_bscan_drck[0], dbg_hub/inst/BSCANID.u_xsdbm_id/SWITCH_N_EXT_BSCAN.bscan_switch/m_bscan_runtest[0], dbg_hub/inst/BSCANID.u_xsdbm_id/CORE_XSDB.UUT_MASTER/U_ICON_INTERFACE/U_CMD6_WR/U_WR_FIFO/SUBCORE_FIFO.xsdbm_v3_0_0_wrfifo_inst/inst_fifo_gen/gconvfifo.rf/grf.rf/rstblk/ngwrdrst.grst.rd_rst_reg[0], dbg_hub/inst/BSCANID.u_xsdbm_id/CORE_XSDB.UUT_MASTER/U_ICON_INTERFACE/U_CMD6_WR/U_WR_FIFO/SUBCORE_FIFO.xsdbm_v3_0_0_wrfifo_inst/inst_fifo_gen/gconvfifo.rf/grf.rf/rstblk/ngwrdrst.grst.wr_rst_reg[2], dbg_hub/inst/BSCANID.u_xsdbm_id/CORE_XSDB.UUT_MASTER/U_ICON_INTERFACE/U_CMD6_RD/U_RD_FIFO/SUBCORE_FIFO.xsdbm_v3_0_0_rdfifo_inst/inst_fifo_gen/gconvfifo.rf/grf.rf/rstblk/ngwrdrst.grst.wr_rst_reg[2], dbg_hub/inst/BSCANID.u_xsdbm_id/CORE_XSDB.UUT_MASTER/U_ICON_INTERFACE/U_CMD6_RD/U_RD_FIFO/SUBCORE_FIFO.xsdbm_v3_0_0_rdfifo_inst/inst_fifo_gen/gconvfifo.rf/grf.rf/gntv_or_sync_fifo.gl0.wr/gwhf.whf/overflow, dbg_hub/inst/BSCANID.u_xsdbm_id/CORE_XSDB.UUT_MASTER/U_ICON_INTERFACE/U_CMD6_WR/U_WR_FIFO/SUBCORE_FIFO.xsdbm_v3_0_0_wrfifo_inst/inst_fifo_gen/gconvfifo.rf/grf.rf/gntv_or_sync_fifo.gl0.wr/gwhf.whf/overflow, dbg_hub/inst/BSCANID.u_xsdbm_id/CORE_XSDB.UUT_MASTER/U_ICON_INTERFACE/U_CMD6_RD/U_RD_FIFO/SUBCORE_FIFO.xsdbm_v3_0_0_rdfifo_inst/inst_fifo_gen/gconvfifo.rf/grf.rf/gntv_or_sync_fifo.gl0.rd/gras.rsts/ram_empty_i, dbg_hub/inst/BSCANID.u_xsdbm_id/CORE_XSDB.UUT_MASTER/U_ICON_INTERFACE/U_CMD6_WR/U_WR_FIFO/SUBCORE_FIFO.xsdbm_v3_0_0_wrfifo_inst/inst_fifo_gen/gconvfifo.rf/grf.rf/gntv_or_sync_fifo.gl0.wr/gwas.wsts/ram_full_i... and (the first 15 of 27 listed).
WARNING: [DRC ZPS7-1] PS7 block required: The PS7 cell must be used in this Zynq design in order to enable correct default configuration.
INFO: [Vivado 12-3199] DRC finished with 0 Errors, 6 Warnings
INFO: [Vivado 12-3200] Please refer to the DRC report (report_drc) for more information.
INFO: [Designutils 20-2272] Running write_bitstream with 2 threads.
Loading data files...
Loading site data...
Loading route data...
Processing options...
Creating bitmap...
Creating bitstream...
Writing bitstream ./hdmi_vga_wrapper.bit...
INFO: [Vivado 12-1842] Bitgen Completed Successfully.
INFO: [Project 1-1876] WebTalk data collection is mandatory when using a ULT device. To see the specific WebTalk data collected for your design, open the usage_statistics_webtalk.html or usage_statistics_webtalk.xml file in the implementation directory.
INFO: [Common 17-83] Releasing license: Implementation
14 Infos, 6 Warnings, 0 Critical Warnings and 0 Errors encountered.
write_bitstream completed successfully
write_bitstream: Time (s): cpu = 00:00:06 ; elapsed = 00:00:08 . Memory (MB): peak = 2794.395 ; gain = 419.000
INFO: [Common 17-206] Exiting Vivado at Sun Apr 14 18:24:57 2024...
