Time resolution is 1 ps
Stopped at time : 1001 ns : File "C:/Users/karol/Documents/studia/sem6/reconfigurable-systems/lab2/delay_line/delay_line.srcs/sim_1/new/stimulate.v" Line 39
Stopped at time : 1001 ns : File "C:/Users/karol/Documents/studia/sem6/reconfigurable-systems/lab2/delay_line/delay_line.srcs/sim_1/new/stimulate.v" Line 40
Stopped at time : 1001 ns : File "C:/Users/karol/Documents/studia/sem6/reconfigurable-systems/lab2/delay_line/delay_line.srcs/sim_1/new/stimulate.v" Line 50
Stopped at time : 1002 ns : File "C:/Users/karol/Documents/studia/sem6/reconfigurable-systems/lab2/delay_line/delay_line.srcs/sim_1/new/stimulate.v" Line 40
Stopped at time : 1002 ns : File "C:/Users/karol/Documents/studia/sem6/reconfigurable-systems/lab2/delay_line/delay_line.srcs/sim_1/new/stimulate.v" Line 37
Stopped at time : 1002 ns : File "C:/Users/karol/Documents/studia/sem6/reconfigurable-systems/lab2/delay_line/delay_line.srcs/sim_1/new/stimulate.v" Line 39
Stopped at time : 1002 ns : File "C:/Users/karol/Documents/studia/sem6/reconfigurable-systems/lab2/delay_line/delay_line.srcs/sim_1/new/stimulate.v" Line 50
Stopped at time : 1002 ns : File "C:/Users/karol/Documents/studia/sem6/reconfigurable-systems/lab2/delay_line/delay_line.srcs/sim_1/new/stimulate.v" Line 46
Stopped at time : 1002 ns : File "C:/Users/karol/Documents/studia/sem6/reconfigurable-systems/lab2/delay_line/delay_line.srcs/sim_1/new/stimulate.v" Line 44
Stopped at time : 1002 ns : File "C:/Users/karol/Documents/studia/sem6/reconfigurable-systems/lab2/delay_line/delay_line.srcs/sources_1/new/register.v" Line 37
Stopped at time : 1002 ns : File "C:/Users/karol/Documents/studia/sem6/reconfigurable-systems/lab2/delay_line/delay_line.srcs/sources_1/new/register.v" Line 35
Stopped at time : 1002 ns : File "C:/Users/karol/Documents/studia/sem6/reconfigurable-systems/lab2/delay_line/delay_line.srcs/sources_1/new/register.v" Line 37
Stopped at time : 1002 ns : File "C:/Users/karol/Documents/studia/sem6/reconfigurable-systems/lab2/delay_line/delay_line.srcs/sources_1/new/register.v" Line 35
Stopped at time : 1002 ns : File "C:/Users/karol/Documents/studia/sem6/reconfigurable-systems/lab2/delay_line/delay_line.srcs/sources_1/new/register.v" Line 37
Stopped at time : 1002 ns : File "C:/Users/karol/Documents/studia/sem6/reconfigurable-systems/lab2/delay_line/delay_line.srcs/sources_1/new/register.v" Line 35
Stopped at time : 1002 ns : File "C:/Users/karol/Documents/studia/sem6/reconfigurable-systems/lab2/delay_line/delay_line.srcs/sources_1/new/register.v" Line 37
Stopped at time : 1002 ns : File "C:/Users/karol/Documents/studia/sem6/reconfigurable-systems/lab2/delay_line/delay_line.srcs/sources_1/new/register.v" Line 35
Stopped at time : 1002 ns : File "C:/Users/karol/Documents/studia/sem6/reconfigurable-systems/lab2/delay_line/delay_line.srcs/sources_1/new/register.v" Line 37
Stopped at time : 1002 ns : File "C:/Users/karol/Documents/studia/sem6/reconfigurable-systems/lab2/delay_line/delay_line.srcs/sources_1/new/register.v" Line 35
Stopped at time : 1002 ns : File "C:/Users/karol/Documents/studia/sem6/reconfigurable-systems/lab2/delay_line/delay_line.srcs/sources_1/new/register.v" Line 37
Stopped at time : 1002 ns : File "C:/Users/karol/Documents/studia/sem6/reconfigurable-systems/lab2/delay_line/delay_line.srcs/sources_1/new/register.v" Line 35
Stopped at time : 1002 ns : File "C:/Users/karol/Documents/studia/sem6/reconfigurable-systems/lab2/delay_line/delay_line.srcs/sources_1/new/register.v" Line 37
Stopped at time : 1002 ns : File "C:/Users/karol/Documents/studia/sem6/reconfigurable-systems/lab2/delay_line/delay_line.srcs/sources_1/new/register.v" Line 35
Stopped at time : 1002 ns : File "C:/Users/karol/Documents/studia/sem6/reconfigurable-systems/lab2/delay_line/delay_line.srcs/sources_1/new/register.v" Line 37
Stopped at time : 1002 ns : File "C:/Users/karol/Documents/studia/sem6/reconfigurable-systems/lab2/delay_line/delay_line.srcs/sources_1/new/register.v" Line 35
Stopped at time : 1002 ns : File "C:/Users/karol/Documents/studia/sem6/reconfigurable-systems/lab2/delay_line/delay_line.srcs/sim_1/new/stimulate.v" Line 49
Stopped at time : 1002 ns : File "C:/Users/karol/Documents/studia/sem6/reconfigurable-systems/lab2/delay_line/delay_line.srcs/sources_1/new/register.v" Line 40
Stopped at time : 1002 ns : File "C:/Users/karol/Documents/studia/sem6/reconfigurable-systems/lab2/delay_line/delay_line.srcs/sources_1/new/register.v" Line 40
Stopped at time : 1002 ns : File "C:/Users/karol/Documents/studia/sem6/reconfigurable-systems/lab2/delay_line/delay_line.srcs/sources_1/new/register.v" Line 40
Stopped at time : 1002 ns : File "C:/Users/karol/Documents/studia/sem6/reconfigurable-systems/lab2/delay_line/delay_line.srcs/sources_1/new/register.v" Line 40
Stopped at time : 1002 ns : File "C:/Users/karol/Documents/studia/sem6/reconfigurable-systems/lab2/delay_line/delay_line.srcs/sources_1/new/register.v" Line 40
Stopped at time : 1002 ns : File "C:/Users/karol/Documents/studia/sem6/reconfigurable-systems/lab2/delay_line/delay_line.srcs/sources_1/new/register.v" Line 40
Stopped at time : 1002 ns : File "C:/Users/karol/Documents/studia/sem6/reconfigurable-systems/lab2/delay_line/delay_line.srcs/sources_1/new/register.v" Line 40
Stopped at time : 1002 ns : File "C:/Users/karol/Documents/studia/sem6/reconfigurable-systems/lab2/delay_line/delay_line.srcs/sources_1/new/register.v" Line 40
Stopped at time : 1002 ns : File "C:/Users/karol/Documents/studia/sem6/reconfigurable-systems/lab2/delay_line/delay_line.srcs/sources_1/new/delay_line.v" Line 58
Stopped at time : 1002 ns : File "C:/Users/karol/Documents/studia/sem6/reconfigurable-systems/lab2/delay_line/delay_line.srcs/sources_1/new/delay_line.v" Line 57
Stopped at time : 1003 ns : File "C:/Users/karol/Documents/studia/sem6/reconfigurable-systems/lab2/delay_line/delay_line.srcs/sim_1/new/stimulate.v" Line 39
Stopped at time : 1003 ns : File "C:/Users/karol/Documents/studia/sem6/reconfigurable-systems/lab2/delay_line/delay_line.srcs/sim_1/new/stimulate.v" Line 40
Stopped at time : 9523792 ns : File "C:/Users/karol/Documents/studia/sem6/reconfigurable-systems/lab2/delay_line/delay_line.srcs/sources_1/new/delay_line.v" Line 58
Stopped at time : 9523792 ns : File "C:/Users/karol/Documents/studia/sem6/reconfigurable-systems/lab2/delay_line/delay_line.srcs/sources_1/new/delay_line.v" Line 57
Stopped at time : 9523793 ns : File "C:/Users/karol/Documents/studia/sem6/reconfigurable-systems/lab2/delay_line/delay_line.srcs/sim_1/new/stimulate.v" Line 39
Stopped at time : 9523793 ns : File "C:/Users/karol/Documents/studia/sem6/reconfigurable-systems/lab2/delay_line/delay_line.srcs/sim_1/new/stimulate.v" Line 40
Stopped at time : 9523793 ns : File "C:/Users/karol/Documents/studia/sem6/reconfigurable-systems/lab2/delay_line/delay_line.srcs/sim_1/new/stimulate.v" Line 50
Stopped at time : 9523794 ns : File "C:/Users/karol/Documents/studia/sem6/reconfigurable-systems/lab2/delay_line/delay_line.srcs/sim_1/new/stimulate.v" Line 40
Stopped at time : 9523794 ns : File "C:/Users/karol/Documents/studia/sem6/reconfigurable-systems/lab2/delay_line/delay_line.srcs/sim_1/new/stimulate.v" Line 37
Stopped at time : 9523794 ns : File "C:/Users/karol/Documents/studia/sem6/reconfigurable-systems/lab2/delay_line/delay_line.srcs/sim_1/new/stimulate.v" Line 39
Stopped at time : 9523794 ns : File "C:/Users/karol/Documents/studia/sem6/reconfigurable-systems/lab2/delay_line/delay_line.srcs/sim_1/new/stimulate.v" Line 50
Stopped at time : 9523794 ns : File "C:/Users/karol/Documents/studia/sem6/reconfigurable-systems/lab2/delay_line/delay_line.srcs/sim_1/new/stimulate.v" Line 46
Stopped at time : 9523794 ns : File "C:/Users/karol/Documents/studia/sem6/reconfigurable-systems/lab2/delay_line/delay_line.srcs/sim_1/new/stimulate.v" Line 44
Stopped at time : 9523794 ns : File "C:/Users/karol/Documents/studia/sem6/reconfigurable-systems/lab2/delay_line/delay_line.srcs/sources_1/new/register.v" Line 37
Stopped at time : 9523794 ns : File "C:/Users/karol/Documents/studia/sem6/reconfigurable-systems/lab2/delay_line/delay_line.srcs/sources_1/new/register.v" Line 35
Stopped at time : 9523794 ns : File "C:/Users/karol/Documents/studia/sem6/reconfigurable-systems/lab2/delay_line/delay_line.srcs/sources_1/new/register.v" Line 37
Stopped at time : 9523794 ns : File "C:/Users/karol/Documents/studia/sem6/reconfigurable-systems/lab2/delay_line/delay_line.srcs/sources_1/new/register.v" Line 35
Stopped at time : 9523794 ns : File "C:/Users/karol/Documents/studia/sem6/reconfigurable-systems/lab2/delay_line/delay_line.srcs/sources_1/new/register.v" Line 37
Stopped at time : 9523794 ns : File "C:/Users/karol/Documents/studia/sem6/reconfigurable-systems/lab2/delay_line/delay_line.srcs/sources_1/new/register.v" Line 35
Stopped at time : 9523794 ns : File "C:/Users/karol/Documents/studia/sem6/reconfigurable-systems/lab2/delay_line/delay_line.srcs/sources_1/new/register.v" Line 37
Stopped at time : 9523794 ns : File "C:/Users/karol/Documents/studia/sem6/reconfigurable-systems/lab2/delay_line/delay_line.srcs/sources_1/new/register.v" Line 35
Stopped at time : 9523794 ns : File "C:/Users/karol/Documents/studia/sem6/reconfigurable-systems/lab2/delay_line/delay_line.srcs/sources_1/new/register.v" Line 37
Stopped at time : 9523794 ns : File "C:/Users/karol/Documents/studia/sem6/reconfigurable-systems/lab2/delay_line/delay_line.srcs/sources_1/new/register.v" Line 35
Stopped at time : 9523794 ns : File "C:/Users/karol/Documents/studia/sem6/reconfigurable-systems/lab2/delay_line/delay_line.srcs/sources_1/new/register.v" Line 37
Stopped at time : 9523794 ns : File "C:/Users/karol/Documents/studia/sem6/reconfigurable-systems/lab2/delay_line/delay_line.srcs/sources_1/new/register.v" Line 35
Stopped at time : 9523794 ns : File "C:/Users/karol/Documents/studia/sem6/reconfigurable-systems/lab2/delay_line/delay_line.srcs/sources_1/new/register.v" Line 37
Stopped at time : 9523794 ns : File "C:/Users/karol/Documents/studia/sem6/reconfigurable-systems/lab2/delay_line/delay_line.srcs/sources_1/new/register.v" Line 35
Stopped at time : 9523794 ns : File "C:/Users/karol/Documents/studia/sem6/reconfigurable-systems/lab2/delay_line/delay_line.srcs/sources_1/new/register.v" Line 37
Stopped at time : 9523794 ns : File "C:/Users/karol/Documents/studia/sem6/reconfigurable-systems/lab2/delay_line/delay_line.srcs/sources_1/new/register.v" Line 35
Stopped at time : 9523794 ns : File "C:/Users/karol/Documents/studia/sem6/reconfigurable-systems/lab2/delay_line/delay_line.srcs/sim_1/new/stimulate.v" Line 49
Stopped at time : 9523794 ns : File "C:/Users/karol/Documents/studia/sem6/reconfigurable-systems/lab2/delay_line/delay_line.srcs/sources_1/new/register.v" Line 40
Stopped at time : 9523794 ns : File "C:/Users/karol/Documents/studia/sem6/reconfigurable-systems/lab2/delay_line/delay_line.srcs/sources_1/new/register.v" Line 40
Stopped at time : 9523794 ns : File "C:/Users/karol/Documents/studia/sem6/reconfigurable-systems/lab2/delay_line/delay_line.srcs/sources_1/new/register.v" Line 40
Stopped at time : 9523794 ns : File "C:/Users/karol/Documents/studia/sem6/reconfigurable-systems/lab2/delay_line/delay_line.srcs/sources_1/new/register.v" Line 40
Stopped at time : 9523794 ns : File "C:/Users/karol/Documents/studia/sem6/reconfigurable-systems/lab2/delay_line/delay_line.srcs/sources_1/new/register.v" Line 40
Stopped at time : 9523794 ns : File "C:/Users/karol/Documents/studia/sem6/reconfigurable-systems/lab2/delay_line/delay_line.srcs/sources_1/new/register.v" Line 40
Stopped at time : 9523794 ns : File "C:/Users/karol/Documents/studia/sem6/reconfigurable-systems/lab2/delay_line/delay_line.srcs/sources_1/new/register.v" Line 40
Stopped at time : 9523794 ns : File "C:/Users/karol/Documents/studia/sem6/reconfigurable-systems/lab2/delay_line/delay_line.srcs/sources_1/new/register.v" Line 40
Stopped at time : 9523794 ns : File "C:/Users/karol/Documents/studia/sem6/reconfigurable-systems/lab2/delay_line/delay_line.srcs/sources_1/new/delay_line.v" Line 58
Stopped at time : 9523794 ns : File "C:/Users/karol/Documents/studia/sem6/reconfigurable-systems/lab2/delay_line/delay_line.srcs/sources_1/new/delay_line.v" Line 57
Stopped at time : 9523795 ns : File "C:/Users/karol/Documents/studia/sem6/reconfigurable-systems/lab2/delay_line/delay_line.srcs/sim_1/new/stimulate.v" Line 39
Stopped at time : 9523795 ns : File "C:/Users/karol/Documents/studia/sem6/reconfigurable-systems/lab2/delay_line/delay_line.srcs/sim_1/new/stimulate.v" Line 40
Stopped at time : 9523795 ns : File "C:/Users/karol/Documents/studia/sem6/reconfigurable-systems/lab2/delay_line/delay_line.srcs/sim_1/new/stimulate.v" Line 50
Stopped at time : 9523796 ns : File "C:/Users/karol/Documents/studia/sem6/reconfigurable-systems/lab2/delay_line/delay_line.srcs/sim_1/new/stimulate.v" Line 40
Stopped at time : 9523796 ns : File "C:/Users/karol/Documents/studia/sem6/reconfigurable-systems/lab2/delay_line/delay_line.srcs/sim_1/new/stimulate.v" Line 37
Stopped at time : 9523796 ns : File "C:/Users/karol/Documents/studia/sem6/reconfigurable-systems/lab2/delay_line/delay_line.srcs/sim_1/new/stimulate.v" Line 39
Stopped at time : 9523796 ns : File "C:/Users/karol/Documents/studia/sem6/reconfigurable-systems/lab2/delay_line/delay_line.srcs/sim_1/new/stimulate.v" Line 50
Stopped at time : 9523796 ns : File "C:/Users/karol/Documents/studia/sem6/reconfigurable-systems/lab2/delay_line/delay_line.srcs/sim_1/new/stimulate.v" Line 46
Stopped at time : 9523796 ns : File "C:/Users/karol/Documents/studia/sem6/reconfigurable-systems/lab2/delay_line/delay_line.srcs/sim_1/new/stimulate.v" Line 44
Stopped at time : 9523796 ns : File "C:/Users/karol/Documents/studia/sem6/reconfigurable-systems/lab2/delay_line/delay_line.srcs/sources_1/new/register.v" Line 37
Stopped at time : 9523796 ns : File "C:/Users/karol/Documents/studia/sem6/reconfigurable-systems/lab2/delay_line/delay_line.srcs/sources_1/new/register.v" Line 35
Stopped at time : 9523796 ns : File "C:/Users/karol/Documents/studia/sem6/reconfigurable-systems/lab2/delay_line/delay_line.srcs/sources_1/new/register.v" Line 37
Stopped at time : 9523796 ns : File "C:/Users/karol/Documents/studia/sem6/reconfigurable-systems/lab2/delay_line/delay_line.srcs/sources_1/new/register.v" Line 35
Stopped at time : 9523796 ns : File "C:/Users/karol/Documents/studia/sem6/reconfigurable-systems/lab2/delay_line/delay_line.srcs/sources_1/new/register.v" Line 37
Stopped at time : 9523796 ns : File "C:/Users/karol/Documents/studia/sem6/reconfigurable-systems/lab2/delay_line/delay_line.srcs/sources_1/new/register.v" Line 35
Stopped at time : 9523796 ns : File "C:/Users/karol/Documents/studia/sem6/reconfigurable-systems/lab2/delay_line/delay_line.srcs/sources_1/new/register.v" Line 37
Stopped at time : 9523796 ns : File "C:/Users/karol/Documents/studia/sem6/reconfigurable-systems/lab2/delay_line/delay_line.srcs/sources_1/new/register.v" Line 35
Stopped at time : 9523796 ns : File "C:/Users/karol/Documents/studia/sem6/reconfigurable-systems/lab2/delay_line/delay_line.srcs/sources_1/new/register.v" Line 37
Stopped at time : 9523796 ns : File "C:/Users/karol/Documents/studia/sem6/reconfigurable-systems/lab2/delay_line/delay_line.srcs/sources_1/new/register.v" Line 35
Stopped at time : 9523796 ns : File "C:/Users/karol/Documents/studia/sem6/reconfigurable-systems/lab2/delay_line/delay_line.srcs/sources_1/new/register.v" Line 37
Stopped at time : 9523796 ns : File "C:/Users/karol/Documents/studia/sem6/reconfigurable-systems/lab2/delay_line/delay_line.srcs/sources_1/new/register.v" Line 35
Stopped at time : 9523796 ns : File "C:/Users/karol/Documents/studia/sem6/reconfigurable-systems/lab2/delay_line/delay_line.srcs/sources_1/new/register.v" Line 37
Stopped at time : 9523796 ns : File "C:/Users/karol/Documents/studia/sem6/reconfigurable-systems/lab2/delay_line/delay_line.srcs/sources_1/new/register.v" Line 35
Stopped at time : 9523796 ns : File "C:/Users/karol/Documents/studia/sem6/reconfigurable-systems/lab2/delay_line/delay_line.srcs/sources_1/new/register.v" Line 37
Stopped at time : 9523796 ns : File "C:/Users/karol/Documents/studia/sem6/reconfigurable-systems/lab2/delay_line/delay_line.srcs/sources_1/new/register.v" Line 35
Stopped at time : 9523796 ns : File "C:/Users/karol/Documents/studia/sem6/reconfigurable-systems/lab2/delay_line/delay_line.srcs/sim_1/new/stimulate.v" Line 49
Stopped at time : 9523796 ns : File "C:/Users/karol/Documents/studia/sem6/reconfigurable-systems/lab2/delay_line/delay_line.srcs/sources_1/new/register.v" Line 40
Stopped at time : 9523796 ns : File "C:/Users/karol/Documents/studia/sem6/reconfigurable-systems/lab2/delay_line/delay_line.srcs/sources_1/new/register.v" Line 40
Stopped at time : 9523796 ns : File "C:/Users/karol/Documents/studia/sem6/reconfigurable-systems/lab2/delay_line/delay_line.srcs/sources_1/new/register.v" Line 40
Stopped at time : 9523796 ns : File "C:/Users/karol/Documents/studia/sem6/reconfigurable-systems/lab2/delay_line/delay_line.srcs/sources_1/new/register.v" Line 40
Stopped at time : 9523796 ns : File "C:/Users/karol/Documents/studia/sem6/reconfigurable-systems/lab2/delay_line/delay_line.srcs/sources_1/new/register.v" Line 40
Stopped at time : 9523796 ns : File "C:/Users/karol/Documents/studia/sem6/reconfigurable-systems/lab2/delay_line/delay_line.srcs/sources_1/new/register.v" Line 40
Stopped at time : 9523796 ns : File "C:/Users/karol/Documents/studia/sem6/reconfigurable-systems/lab2/delay_line/delay_line.srcs/sources_1/new/register.v" Line 40
Stopped at time : 9523796 ns : File "C:/Users/karol/Documents/studia/sem6/reconfigurable-systems/lab2/delay_line/delay_line.srcs/sources_1/new/register.v" Line 40
Stopped at time : 9523796 ns : File "C:/Users/karol/Documents/studia/sem6/reconfigurable-systems/lab2/delay_line/delay_line.srcs/sources_1/new/delay_line.v" Line 58
Stopped at time : 9523796 ns : File "C:/Users/karol/Documents/studia/sem6/reconfigurable-systems/lab2/delay_line/delay_line.srcs/sources_1/new/delay_line.v" Line 57
Stopped at time : 9523797 ns : File "C:/Users/karol/Documents/studia/sem6/reconfigurable-systems/lab2/delay_line/delay_line.srcs/sim_1/new/stimulate.v" Line 39
Stopped at time : 9523797 ns : File "C:/Users/karol/Documents/studia/sem6/reconfigurable-systems/lab2/delay_line/delay_line.srcs/sim_1/new/stimulate.v" Line 40
Stopped at time : 9523797 ns : File "C:/Users/karol/Documents/studia/sem6/reconfigurable-systems/lab2/delay_line/delay_line.srcs/sim_1/new/stimulate.v" Line 50
Stopped at time : 9523798 ns : File "C:/Users/karol/Documents/studia/sem6/reconfigurable-systems/lab2/delay_line/delay_line.srcs/sim_1/new/stimulate.v" Line 40
Stopped at time : 9523798 ns : File "C:/Users/karol/Documents/studia/sem6/reconfigurable-systems/lab2/delay_line/delay_line.srcs/sim_1/new/stimulate.v" Line 37
Stopped at time : 9523798 ns : File "C:/Users/karol/Documents/studia/sem6/reconfigurable-systems/lab2/delay_line/delay_line.srcs/sim_1/new/stimulate.v" Line 39
Stopped at time : 9523798 ns : File "C:/Users/karol/Documents/studia/sem6/reconfigurable-systems/lab2/delay_line/delay_line.srcs/sim_1/new/stimulate.v" Line 50
Stopped at time : 9523798 ns : File "C:/Users/karol/Documents/studia/sem6/reconfigurable-systems/lab2/delay_line/delay_line.srcs/sim_1/new/stimulate.v" Line 46
Stopped at time : 9523798 ns : File "C:/Users/karol/Documents/studia/sem6/reconfigurable-systems/lab2/delay_line/delay_line.srcs/sim_1/new/stimulate.v" Line 44
Stopped at time : 9523798 ns : File "C:/Users/karol/Documents/studia/sem6/reconfigurable-systems/lab2/delay_line/delay_line.srcs/sources_1/new/register.v" Line 37
Stopped at time : 9523798 ns : File "C:/Users/karol/Documents/studia/sem6/reconfigurable-systems/lab2/delay_line/delay_line.srcs/sources_1/new/register.v" Line 35
Stopped at time : 9523798 ns : File "C:/Users/karol/Documents/studia/sem6/reconfigurable-systems/lab2/delay_line/delay_line.srcs/sources_1/new/register.v" Line 37
Stopped at time : 9523798 ns : File "C:/Users/karol/Documents/studia/sem6/reconfigurable-systems/lab2/delay_line/delay_line.srcs/sources_1/new/register.v" Line 35
Stopped at time : 9523798 ns : File "C:/Users/karol/Documents/studia/sem6/reconfigurable-systems/lab2/delay_line/delay_line.srcs/sources_1/new/register.v" Line 37
Stopped at time : 9523798 ns : File "C:/Users/karol/Documents/studia/sem6/reconfigurable-systems/lab2/delay_line/delay_line.srcs/sources_1/new/register.v" Line 35
Stopped at time : 9523798 ns : File "C:/Users/karol/Documents/studia/sem6/reconfigurable-systems/lab2/delay_line/delay_line.srcs/sources_1/new/register.v" Line 37
Stopped at time : 9523798 ns : File "C:/Users/karol/Documents/studia/sem6/reconfigurable-systems/lab2/delay_line/delay_line.srcs/sources_1/new/register.v" Line 35
Stopped at time : 9523798 ns : File "C:/Users/karol/Documents/studia/sem6/reconfigurable-systems/lab2/delay_line/delay_line.srcs/sources_1/new/register.v" Line 37
Stopped at time : 9523798 ns : File "C:/Users/karol/Documents/studia/sem6/reconfigurable-systems/lab2/delay_line/delay_line.srcs/sources_1/new/register.v" Line 35
Stopped at time : 9523798 ns : File "C:/Users/karol/Documents/studia/sem6/reconfigurable-systems/lab2/delay_line/delay_line.srcs/sources_1/new/register.v" Line 37
Stopped at time : 9523798 ns : File "C:/Users/karol/Documents/studia/sem6/reconfigurable-systems/lab2/delay_line/delay_line.srcs/sources_1/new/register.v" Line 35
Stopped at time : 9523798 ns : File "C:/Users/karol/Documents/studia/sem6/reconfigurable-systems/lab2/delay_line/delay_line.srcs/sources_1/new/register.v" Line 37
Stopped at time : 9523798 ns : File "C:/Users/karol/Documents/studia/sem6/reconfigurable-systems/lab2/delay_line/delay_line.srcs/sources_1/new/register.v" Line 35
Stopped at time : 9523798 ns : File "C:/Users/karol/Documents/studia/sem6/reconfigurable-systems/lab2/delay_line/delay_line.srcs/sources_1/new/register.v" Line 37
Stopped at time : 9523798 ns : File "C:/Users/karol/Documents/studia/sem6/reconfigurable-systems/lab2/delay_line/delay_line.srcs/sources_1/new/register.v" Line 35
Stopped at time : 9523798 ns : File "C:/Users/karol/Documents/studia/sem6/reconfigurable-systems/lab2/delay_line/delay_line.srcs/sim_1/new/stimulate.v" Line 49
Stopped at time : 9523798 ns : File "C:/Users/karol/Documents/studia/sem6/reconfigurable-systems/lab2/delay_line/delay_line.srcs/sources_1/new/register.v" Line 40
Stopped at time : 9523798 ns : File "C:/Users/karol/Documents/studia/sem6/reconfigurable-systems/lab2/delay_line/delay_line.srcs/sources_1/new/register.v" Line 40
Stopped at time : 9523798 ns : File "C:/Users/karol/Documents/studia/sem6/reconfigurable-systems/lab2/delay_line/delay_line.srcs/sources_1/new/register.v" Line 40
Stopped at time : 9523798 ns : File "C:/Users/karol/Documents/studia/sem6/reconfigurable-systems/lab2/delay_line/delay_line.srcs/sources_1/new/register.v" Line 40
Stopped at time : 9523798 ns : File "C:/Users/karol/Documents/studia/sem6/reconfigurable-systems/lab2/delay_line/delay_line.srcs/sources_1/new/register.v" Line 40
Stopped at time : 9523798 ns : File "C:/Users/karol/Documents/studia/sem6/reconfigurable-systems/lab2/delay_line/delay_line.srcs/sources_1/new/register.v" Line 40
Stopped at time : 9523798 ns : File "C:/Users/karol/Documents/studia/sem6/reconfigurable-systems/lab2/delay_line/delay_line.srcs/sources_1/new/register.v" Line 40
Stopped at time : 9523798 ns : File "C:/Users/karol/Documents/studia/sem6/reconfigurable-systems/lab2/delay_line/delay_line.srcs/sources_1/new/register.v" Line 40
Stopped at time : 9523798 ns : File "C:/Users/karol/Documents/studia/sem6/reconfigurable-systems/lab2/delay_line/delay_line.srcs/sources_1/new/delay_line.v" Line 58
Stopped at time : 9523798 ns : File "C:/Users/karol/Documents/studia/sem6/reconfigurable-systems/lab2/delay_line/delay_line.srcs/sources_1/new/delay_line.v" Line 57
Stopped at time : 9523799 ns : File "C:/Users/karol/Documents/studia/sem6/reconfigurable-systems/lab2/delay_line/delay_line.srcs/sim_1/new/stimulate.v" Line 39
Stopped at time : 9523799 ns : File "C:/Users/karol/Documents/studia/sem6/reconfigurable-systems/lab2/delay_line/delay_line.srcs/sim_1/new/stimulate.v" Line 40
Stopped at time : 9523799 ns : File "C:/Users/karol/Documents/studia/sem6/reconfigurable-systems/lab2/delay_line/delay_line.srcs/sim_1/new/stimulate.v" Line 50
Stopped at time : 9523800 ns : File "C:/Users/karol/Documents/studia/sem6/reconfigurable-systems/lab2/delay_line/delay_line.srcs/sim_1/new/stimulate.v" Line 40
Stopped at time : 9523800 ns : File "C:/Users/karol/Documents/studia/sem6/reconfigurable-systems/lab2/delay_line/delay_line.srcs/sim_1/new/stimulate.v" Line 37
Stopped at time : 9523800 ns : File "C:/Users/karol/Documents/studia/sem6/reconfigurable-systems/lab2/delay_line/delay_line.srcs/sim_1/new/stimulate.v" Line 39
Stopped at time : 9523800 ns : File "C:/Users/karol/Documents/studia/sem6/reconfigurable-systems/lab2/delay_line/delay_line.srcs/sim_1/new/stimulate.v" Line 50
Stopped at time : 9523800 ns : File "C:/Users/karol/Documents/studia/sem6/reconfigurable-systems/lab2/delay_line/delay_line.srcs/sim_1/new/stimulate.v" Line 46
Stopped at time : 9523800 ns : File "C:/Users/karol/Documents/studia/sem6/reconfigurable-systems/lab2/delay_line/delay_line.srcs/sim_1/new/stimulate.v" Line 44
Stopped at time : 9523800 ns : File "C:/Users/karol/Documents/studia/sem6/reconfigurable-systems/lab2/delay_line/delay_line.srcs/sources_1/new/register.v" Line 37
Stopped at time : 9523800 ns : File "C:/Users/karol/Documents/studia/sem6/reconfigurable-systems/lab2/delay_line/delay_line.srcs/sources_1/new/register.v" Line 35
Stopped at time : 9523800 ns : File "C:/Users/karol/Documents/studia/sem6/reconfigurable-systems/lab2/delay_line/delay_line.srcs/sources_1/new/register.v" Line 37
Stopped at time : 9523800 ns : File "C:/Users/karol/Documents/studia/sem6/reconfigurable-systems/lab2/delay_line/delay_line.srcs/sources_1/new/register.v" Line 35
Stopped at time : 9523800 ns : File "C:/Users/karol/Documents/studia/sem6/reconfigurable-systems/lab2/delay_line/delay_line.srcs/sources_1/new/register.v" Line 37
Stopped at time : 9523800 ns : File "C:/Users/karol/Documents/studia/sem6/reconfigurable-systems/lab2/delay_line/delay_line.srcs/sources_1/new/register.v" Line 35
Stopped at time : 9523800 ns : File "C:/Users/karol/Documents/studia/sem6/reconfigurable-systems/lab2/delay_line/delay_line.srcs/sources_1/new/register.v" Line 37
Stopped at time : 9523800 ns : File "C:/Users/karol/Documents/studia/sem6/reconfigurable-systems/lab2/delay_line/delay_line.srcs/sources_1/new/register.v" Line 35
Stopped at time : 9523800 ns : File "C:/Users/karol/Documents/studia/sem6/reconfigurable-systems/lab2/delay_line/delay_line.srcs/sources_1/new/register.v" Line 37
Stopped at time : 9523800 ns : File "C:/Users/karol/Documents/studia/sem6/reconfigurable-systems/lab2/delay_line/delay_line.srcs/sources_1/new/register.v" Line 35
Stopped at time : 9523800 ns : File "C:/Users/karol/Documents/studia/sem6/reconfigurable-systems/lab2/delay_line/delay_line.srcs/sources_1/new/register.v" Line 37
Stopped at time : 9523800 ns : File "C:/Users/karol/Documents/studia/sem6/reconfigurable-systems/lab2/delay_line/delay_line.srcs/sources_1/new/register.v" Line 35
Stopped at time : 9523800 ns : File "C:/Users/karol/Documents/studia/sem6/reconfigurable-systems/lab2/delay_line/delay_line.srcs/sources_1/new/register.v" Line 37
Stopped at time : 9523800 ns : File "C:/Users/karol/Documents/studia/sem6/reconfigurable-systems/lab2/delay_line/delay_line.srcs/sources_1/new/register.v" Line 35
Stopped at time : 9523800 ns : File "C:/Users/karol/Documents/studia/sem6/reconfigurable-systems/lab2/delay_line/delay_line.srcs/sources_1/new/register.v" Line 37
Stopped at time : 9523800 ns : File "C:/Users/karol/Documents/studia/sem6/reconfigurable-systems/lab2/delay_line/delay_line.srcs/sources_1/new/register.v" Line 35
Stopped at time : 9523800 ns : File "C:/Users/karol/Documents/studia/sem6/reconfigurable-systems/lab2/delay_line/delay_line.srcs/sim_1/new/stimulate.v" Line 49
Stopped at time : 9523800 ns : File "C:/Users/karol/Documents/studia/sem6/reconfigurable-systems/lab2/delay_line/delay_line.srcs/sources_1/new/register.v" Line 40
Stopped at time : 9523800 ns : File "C:/Users/karol/Documents/studia/sem6/reconfigurable-systems/lab2/delay_line/delay_line.srcs/sources_1/new/register.v" Line 40
Stopped at time : 9523800 ns : File "C:/Users/karol/Documents/studia/sem6/reconfigurable-systems/lab2/delay_line/delay_line.srcs/sources_1/new/register.v" Line 40
Stopped at time : 9523800 ns : File "C:/Users/karol/Documents/studia/sem6/reconfigurable-systems/lab2/delay_line/delay_line.srcs/sources_1/new/register.v" Line 40
Stopped at time : 9523800 ns : File "C:/Users/karol/Documents/studia/sem6/reconfigurable-systems/lab2/delay_line/delay_line.srcs/sources_1/new/register.v" Line 40
Stopped at time : 9523800 ns : File "C:/Users/karol/Documents/studia/sem6/reconfigurable-systems/lab2/delay_line/delay_line.srcs/sources_1/new/register.v" Line 40
Stopped at time : 9523800 ns : File "C:/Users/karol/Documents/studia/sem6/reconfigurable-systems/lab2/delay_line/delay_line.srcs/sources_1/new/register.v" Line 40
Stopped at time : 9523800 ns : File "C:/Users/karol/Documents/studia/sem6/reconfigurable-systems/lab2/delay_line/delay_line.srcs/sources_1/new/register.v" Line 40
Stopped at time : 9523800 ns : File "C:/Users/karol/Documents/studia/sem6/reconfigurable-systems/lab2/delay_line/delay_line.srcs/sources_1/new/delay_line.v" Line 58
INFO: xsimkernel Simulation Memory Usage: 16564 KB (Peak: 16564 KB), Simulation CPU Usage: 32265 ms
